#
# There is insufficient memory for the Java Runtime Environment to continue.
# Native memory allocation (malloc) failed to allocate 897456 bytes for Chunk::new
# Possible reasons:
#   The system is out of physical RAM or swap space
#   The process is running with CompressedOops enabled, and the Java Heap may be blocking the growth of the native heap
# Possible solutions:
#   Reduce memory load on the system
#   Increase physical memory or swap space
#   Check if swap backing store is full
#   Decrease Java heap size (-Xmx/-Xms)
#   Decrease number of Java threads
#   Decrease Java thread stack sizes (-Xss)
#   Set larger code cache with -XX:ReservedCodeCacheSize=
#   JVM is running with Unscaled Compressed Oops mode in which the Java heap is
#     placed in the first 4GB address space. The Java Heap base address is the
#     maximum limit for the native heap growth. Please use -XX:HeapBaseMinAddress
#     to set the Java Heap base and to place the Java Heap above 4GB virtual address.
# This output file may be truncated or incomplete.
#
#  Out of Memory Error (arena.cpp:191), pid=13196, tid=20824
#
# JRE version: OpenJDK Runtime Environment (17.0.10) (build 17.0.10+0--11572160)
# Java VM: OpenJDK 64-Bit Server VM (17.0.10+0--11572160, mixed mode, tiered, compressed oops, compressed class ptrs, g1 gc, windows-amd64)
# No core dump will be written. Minidumps are not enabled by default on client versions of Windows
#

---------------  S U M M A R Y ------------

Command Line: --add-opens=java.base/java.util=ALL-UNNAMED --add-opens=java.base/java.lang=ALL-UNNAMED --add-opens=java.base/java.lang.invoke=ALL-UNNAMED --add-opens=java.prefs/java.util.prefs=ALL-UNNAMED --add-opens=java.base/java.nio.charset=ALL-UNNAMED --add-opens=java.base/java.net=ALL-UNNAMED --add-opens=java.base/java.util.concurrent.atomic=ALL-UNNAMED -Xmx2048m -Dfile.encoding=UTF-8 -Duser.country=US -Duser.language=en -Duser.variant -javaagent:C:\Users\imwan\.gradle\wrapper\dists\gradle-8.6-bin\afr5mpiioh2wthjmwnkmdsd5w\gradle-8.6\lib\agents\gradle-instrumentation-agent-8.6.jar org.gradle.launcher.daemon.bootstrap.GradleDaemon 8.6

Host: AMD Ryzen 7 5700U with Radeon Graphics         , 16 cores, 3G,  Windows 11 , 64 bit Build 22621 (10.0.22621.3672)
Time: Tue Jun 11 02:37:54 2024 India Standard Time elapsed time: 16.533975 seconds (0d 0h 0m 16s)

---------------  T H R E A D  ---------------

Current thread (0x000002458f4a86f0):  JavaThread "C2 CompilerThread0" daemon [_thread_in_native, id=20824, stack(0x000000c712200000,0x000000c712300000)]


Current CompileTask:
C2:  16534 7468   !   4       java.net.URLClassLoader::defineClass (224 bytes)

Stack: [0x000000c712200000,0x000000c712300000]
Native frames: (J=compiled Java code, j=interpreted, Vv=VM code, C=native code)
V  [jvm.dll+0x688e89]
V  [jvm.dll+0x84247a]
V  [jvm.dll+0x8440be]
V  [jvm.dll+0x844723]
V  [jvm.dll+0x24be0f]
V  [jvm.dll+0xac524]
V  [jvm.dll+0xacb6c]
V  [jvm.dll+0x36bd12]
V  [jvm.dll+0x33615a]
V  [jvm.dll+0x3355fa]
V  [jvm.dll+0x21daa1]
V  [jvm.dll+0x21cec1]
V  [jvm.dll+0x1a60ad]
V  [jvm.dll+0x22cd78]
V  [jvm.dll+0x22aeb0]
V  [jvm.dll+0x7f6917]
V  [jvm.dll+0x7f0d1a]
V  [jvm.dll+0x687d05]
C  [ucrtbase.dll+0x29333]
C  [KERNEL32.DLL+0x1257d]
C  [ntdll.dll+0x5aa48]


---------------  P R O C E S S  ---------------

Threads class SMR info:
_java_thread_list=0x000002459704e360, length=60, elements={
0x00000245f49fc7d0, 0x00000245ffdc8c50, 0x00000245ffdc94e0, 0x000002458f4904e0,
0x000002458f491f30, 0x000002458f492410, 0x000002458f4928f0, 0x000002458f4a86f0,
0x000002458f4a8cc0, 0x000002458f4b91c0, 0x00000245ffd4eb30, 0x000002458f6ec1c0,
0x0000024595a2eab0, 0x00000245958e1660, 0x0000024595a0a0b0, 0x0000024595a0e0e0,
0x0000024595a0e5c0, 0x0000024595a077c0, 0x0000024595d17590, 0x0000024595abb660,
0x0000024595abd4c0, 0x0000024595abbb70, 0x0000024595d6a850, 0x0000024595abac40,
0x0000024595abc590, 0x0000024595abdee0, 0x000002459756b910, 0x00000245962d9850,
0x0000024595aba730, 0x0000024595abcaa0, 0x0000024595abcfb0, 0x0000024595abb150,
0x0000024595abc080, 0x00000245946f5060, 0x00000245946f73d0, 0x00000245946fbab0,
0x00000245946f69b0, 0x00000245946f9230, 0x00000245946f64a0, 0x00000245946fc9e0,
0x00000245946fc4d0, 0x00000245946f9740, 0x00000245946f5a80, 0x00000245946f5f90,
0x00000245946fb090, 0x00000245946f6ec0, 0x00000245946f78e0, 0x00000245946f8810,
0x00000245946f7df0, 0x00000245946f8300, 0x00000245946f8d20, 0x00000245946f9c50,
0x00000245946fa160, 0x00000245946fa670, 0x0000024598aa6fa0, 0x0000024598aa6a90,
0x0000024598aa9310, 0x0000024598aac0a0, 0x0000024598aab680, 0x0000024596a55ad0
}

Java Threads: ( => current thread )
  0x00000245f49fc7d0 JavaThread "main" [_thread_blocked, id=23240, stack(0x000000c711500000,0x000000c711600000)]
  0x00000245ffdc8c50 JavaThread "Reference Handler" daemon [_thread_blocked, id=19168, stack(0x000000c711c00000,0x000000c711d00000)]
  0x00000245ffdc94e0 JavaThread "Finalizer" daemon [_thread_blocked, id=16660, stack(0x000000c711d00000,0x000000c711e00000)]
  0x000002458f4904e0 JavaThread "Signal Dispatcher" daemon [_thread_blocked, id=9092, stack(0x000000c711e00000,0x000000c711f00000)]
  0x000002458f491f30 JavaThread "Attach Listener" daemon [_thread_blocked, id=22440, stack(0x000000c711f00000,0x000000c712000000)]
  0x000002458f492410 JavaThread "Service Thread" daemon [_thread_blocked, id=19476, stack(0x000000c712000000,0x000000c712100000)]
  0x000002458f4928f0 JavaThread "Monitor Deflation Thread" daemon [_thread_blocked, id=14496, stack(0x000000c712100000,0x000000c712200000)]
=>0x000002458f4a86f0 JavaThread "C2 CompilerThread0" daemon [_thread_in_native, id=20824, stack(0x000000c712200000,0x000000c712300000)]
  0x000002458f4a8cc0 JavaThread "C1 CompilerThread0" daemon [_thread_blocked, id=24256, stack(0x000000c712300000,0x000000c712400000)]
  0x000002458f4b91c0 JavaThread "Sweeper thread" daemon [_thread_blocked, id=17200, stack(0x000000c712400000,0x000000c712500000)]
  0x00000245ffd4eb30 JavaThread "Common-Cleaner" daemon [_thread_blocked, id=9736, stack(0x000000c712500000,0x000000c712600000)]
  0x000002458f6ec1c0 JavaThread "Notification Thread" daemon [_thread_blocked, id=15788, stack(0x000000c712600000,0x000000c712700000)]
  0x0000024595a2eab0 JavaThread "Daemon health stats" [_thread_blocked, id=17456, stack(0x000000c712c00000,0x000000c712d00000)]
  0x00000245958e1660 JavaThread "Incoming local TCP Connector on port 58397" [_thread_in_native, id=9800, stack(0x000000c712d00000,0x000000c712e00000)]
  0x0000024595a0a0b0 JavaThread "Daemon periodic checks" [_thread_blocked, id=3472, stack(0x000000c713200000,0x000000c713300000)]
  0x0000024595a0e0e0 JavaThread "Daemon" [_thread_blocked, id=15004, stack(0x000000c713300000,0x000000c713400000)]
  0x0000024595a0e5c0 JavaThread "Handler for socket connection from /127.0.0.1:58397 to /127.0.0.1:58398" [_thread_in_native, id=18256, stack(0x000000c713400000,0x000000c713500000)]
  0x0000024595a077c0 JavaThread "Cancel handler" [_thread_blocked, id=25556, stack(0x000000c713500000,0x000000c713600000)]
  0x0000024595d17590 JavaThread "Daemon worker" [_thread_in_vm, id=7068, stack(0x000000c713600000,0x000000c713700000)]
  0x0000024595abb660 JavaThread "Asynchronous log dispatcher for DefaultDaemonConnection: socket connection from /127.0.0.1:58397 to /127.0.0.1:58398" [_thread_blocked, id=19800, stack(0x000000c713700000,0x000000c713800000)]
  0x0000024595abd4c0 JavaThread "Stdin handler" [_thread_blocked, id=24440, stack(0x000000c713800000,0x000000c713900000)]
  0x0000024595abbb70 JavaThread "Daemon client event forwarder" [_thread_blocked, id=20208, stack(0x000000c713900000,0x000000c713a00000)]
  0x0000024595d6a850 JavaThread "C1 CompilerThread1" daemon [_thread_blocked, id=21076, stack(0x000000c714000000,0x000000c714100000)]
  0x0000024595abac40 JavaThread "Cache worker for journal cache (C:\Users\imwan\.gradle\caches\journal-1)" [_thread_blocked, id=15672, stack(0x000000c714100000,0x000000c714200000)]
  0x0000024595abc590 JavaThread "File lock request listener" [_thread_in_native, id=10208, stack(0x000000c714200000,0x000000c714300000)]
  0x0000024595abdee0 JavaThread "Cache worker for file hash cache (C:\Users\imwan\.gradle\caches\8.6\fileHashes)" [_thread_blocked, id=9476, stack(0x000000c714300000,0x000000c714400000)]
  0x000002459756b910 JavaThread "C1 CompilerThread2" daemon [_thread_blocked, id=20356, stack(0x000000c714600000,0x000000c714700000)]
  0x00000245962d9850 JavaThread "C1 CompilerThread3" daemon [_thread_blocked, id=4144, stack(0x000000c714700000,0x000000c714800000)]
  0x0000024595aba730 JavaThread "File watcher server" daemon [_thread_in_native, id=21648, stack(0x000000c714800000,0x000000c714900000)]
  0x0000024595abcaa0 JavaThread "File watcher consumer" daemon [_thread_blocked, id=12332, stack(0x000000c714900000,0x000000c714a00000)]
  0x0000024595abcfb0 JavaThread "Cache worker for checksums cache (C:\Users\imwan\AndroidStudioProjects\RelativeLayout\.gradle\8.6\checksums)" [_thread_blocked, id=9324, stack(0x000000c714500000,0x000000c714600000)]
  0x0000024595abb150 JavaThread "Cache worker for file hash cache (C:\Users\imwan\AndroidStudioProjects\RelativeLayout\.gradle\8.6\fileHashes)" [_thread_blocked, id=8660, stack(0x000000c714a00000,0x000000c714b00000)]
  0x0000024595abc080 JavaThread "Cache worker for cache directory md-supplier (C:\Users\imwan\.gradle\caches\8.6\md-supplier)" [_thread_blocked, id=9380, stack(0x000000c714b00000,0x000000c714c00000)]
  0x00000245946f5060 JavaThread "Cache worker for cache directory md-rule (C:\Users\imwan\.gradle\caches\8.6\md-rule)" [_thread_blocked, id=2940, stack(0x000000c714c00000,0x000000c714d00000)]
  0x00000245946f73d0 JavaThread "Cache worker for file content cache (C:\Users\imwan\.gradle\caches\8.6\fileContent)" [_thread_blocked, id=22272, stack(0x000000c714d00000,0x000000c714e00000)]
  0x00000245946fbab0 JavaThread "jar transforms" [_thread_blocked, id=9728, stack(0x000000c715000000,0x000000c715100000)]
  0x00000245946f69b0 JavaThread "jar transforms Thread 2" [_thread_blocked, id=3356, stack(0x000000c715100000,0x000000c715200000)]
  0x00000245946f9230 JavaThread "jar transforms Thread 3" [_thread_blocked, id=25308, stack(0x000000c715200000,0x000000c715300000)]
  0x00000245946f64a0 JavaThread "jar transforms Thread 4" [_thread_blocked, id=13964, stack(0x000000c715300000,0x000000c715400000)]
  0x00000245946fc9e0 JavaThread "Cache worker for Build Output Cleanup Cache (C:\Users\imwan\AndroidStudioProjects\RelativeLayout\.gradle\buildOutputCleanup)" [_thread_blocked, id=21508, stack(0x000000c714f00000,0x000000c715000000)]
  0x00000245946fc4d0 JavaThread "jar transforms Thread 5" [_thread_blocked, id=1700, stack(0x000000c715400000,0x000000c715500000)]
  0x00000245946f9740 JavaThread "jar transforms Thread 6" [_thread_blocked, id=8796, stack(0x000000c715500000,0x000000c715600000)]
  0x00000245946f5a80 JavaThread "Unconstrained build operations" [_thread_blocked, id=7740, stack(0x000000c715600000,0x000000c715700000)]
  0x00000245946f5f90 JavaThread "Unconstrained build operations Thread 2" [_thread_blocked, id=22612, stack(0x000000c715700000,0x000000c715800000)]
  0x00000245946fb090 JavaThread "Unconstrained build operations Thread 3" [_thread_blocked, id=12516, stack(0x000000c715800000,0x000000c715900000)]
  0x00000245946f6ec0 JavaThread "Unconstrained build operations Thread 4" [_thread_blocked, id=2668, stack(0x000000c715900000,0x000000c715a00000)]
  0x00000245946f78e0 JavaThread "Unconstrained build operations Thread 5" [_thread_blocked, id=24788, stack(0x000000c715a00000,0x000000c715b00000)]
  0x00000245946f8810 JavaThread "Unconstrained build operations Thread 6" [_thread_blocked, id=20500, stack(0x000000c715b00000,0x000000c715c00000)]
  0x00000245946f7df0 JavaThread "Unconstrained build operations Thread 7" [_thread_blocked, id=9460, stack(0x000000c715c00000,0x000000c715d00000)]
  0x00000245946f8300 JavaThread "Unconstrained build operations Thread 8" [_thread_blocked, id=24848, stack(0x000000c715d00000,0x000000c715e00000)]
  0x00000245946f8d20 JavaThread "Unconstrained build operations Thread 9" [_thread_blocked, id=18888, stack(0x000000c715e00000,0x000000c715f00000)]
  0x00000245946f9c50 JavaThread "Unconstrained build operations Thread 10" [_thread_blocked, id=12328, stack(0x000000c715f00000,0x000000c716000000)]
  0x00000245946fa160 JavaThread "Unconstrained build operations Thread 11" [_thread_blocked, id=2744, stack(0x000000c716000000,0x000000c716100000)]
  0x00000245946fa670 JavaThread "Unconstrained build operations Thread 12" [_thread_blocked, id=8568, stack(0x000000c716100000,0x000000c716200000)]
  0x0000024598aa6fa0 JavaThread "Unconstrained build operations Thread 13" [_thread_blocked, id=15372, stack(0x000000c716200000,0x000000c716300000)]
  0x0000024598aa6a90 JavaThread "Unconstrained build operations Thread 14" [_thread_blocked, id=15412, stack(0x000000c716300000,0x000000c716400000)]
  0x0000024598aa9310 JavaThread "Unconstrained build operations Thread 15" [_thread_blocked, id=8892, stack(0x000000c716400000,0x000000c716500000)]
  0x0000024598aac0a0 JavaThread "jar transforms Thread 7" [_thread_blocked, id=7640, stack(0x000000c716500000,0x000000c716600000)]
  0x0000024598aab680 JavaThread "jar transforms Thread 8" [_thread_blocked, id=2224, stack(0x000000c716600000,0x000000c716700000)]
  0x0000024596a55ad0 JavaThread "C2 CompilerThread1" daemon [_thread_in_native, id=21872, stack(0x000000c714400000,0x000000c714500000)]

Other Threads:
  0x00000245ffdc4020 VMThread "VM Thread" [stack: 0x000000c711b00000,0x000000c711c00000] [id=9704]
  0x000002458f6ec6a0 WatcherThread [stack: 0x000000c712700000,0x000000c712800000] [id=16732]
  0x00000245f4a583a0 GCTaskThread "GC Thread#0" [stack: 0x000000c711600000,0x000000c711700000] [id=13756]
  0x0000024594c038b0 GCTaskThread "GC Thread#1" [stack: 0x000000c712800000,0x000000c712900000] [id=23192]
  0x0000024594b0b410 GCTaskThread "GC Thread#2" [stack: 0x000000c712900000,0x000000c712a00000] [id=2820]
  0x0000024594b24750 GCTaskThread "GC Thread#3" [stack: 0x000000c712a00000,0x000000c712b00000] [id=8928]
  0x000002459443abe0 GCTaskThread "GC Thread#4" [stack: 0x000000c712b00000,0x000000c712c00000] [id=22916]
  0x0000024595a68c40 GCTaskThread "GC Thread#5" [stack: 0x000000c712e00000,0x000000c712f00000] [id=10580]
  0x00000245956d92b0 GCTaskThread "GC Thread#6" [stack: 0x000000c712f00000,0x000000c713000000] [id=15096]
  0x0000024595766ef0 GCTaskThread "GC Thread#7" [stack: 0x000000c713000000,0x000000c713100000] [id=22240]
  0x0000024595bb9350 GCTaskThread "GC Thread#8" [stack: 0x000000c713100000,0x000000c713200000] [id=25032]
  0x0000024595bba3d0 GCTaskThread "GC Thread#9" [stack: 0x000000c713a00000,0x000000c713b00000] [id=16016]
  0x0000024595bb9b90 GCTaskThread "GC Thread#10" [stack: 0x000000c713b00000,0x000000c713c00000] [id=19776]
  0x0000024595bb98d0 GCTaskThread "GC Thread#11" [stack: 0x000000c713c00000,0x000000c713d00000] [id=7980]
  0x0000024595bb9090 GCTaskThread "GC Thread#12" [stack: 0x000000c713d00000,0x000000c713e00000] [id=7936]
  0x00000245f4a692f0 ConcurrentGCThread "G1 Main Marker" [stack: 0x000000c711700000,0x000000c711800000] [id=25452]
  0x00000245f4a69d10 ConcurrentGCThread "G1 Conc#0" [stack: 0x000000c711800000,0x000000c711900000] [id=13024]
  0x0000024595bb9610 ConcurrentGCThread "G1 Conc#1" [stack: 0x000000c713e00000,0x000000c713f00000] [id=6280]
  0x0000024595bba950 ConcurrentGCThread "G1 Conc#2" [stack: 0x000000c713f00000,0x000000c714000000] [id=11632]
  0x00000245ffc10890 ConcurrentGCThread "G1 Refine#0" [stack: 0x000000c711900000,0x000000c711a00000] [id=4676]
  0x00000245ffc14200 ConcurrentGCThread "G1 Service" [stack: 0x000000c711a00000,0x000000c711b00000] [id=20452]

Threads with active compile tasks:
C2 CompilerThread0    16597 7468   !   4       java.net.URLClassLoader::defineClass (224 bytes)
C2 CompilerThread1    16597 7477   !   4       java.util.concurrent.ConcurrentHashMap::putVal (432 bytes)

VM state: not at safepoint (normal execution)

VM Mutex/Monitor currently owned by a thread: None

Heap address: 0x0000000080000000, size: 2048 MB, Compressed Oops mode: 32-bit

CDS archive(s) not mapped
Compressed class space mapped at: 0x0000000100000000-0x0000000140000000, reserved size: 1073741824
Narrow klass base: 0x0000000000000000, Narrow klass shift: 3, Narrow klass range: 0x140000000

GC Precious Log:
 CPUs: 16 total, 16 available
 Memory: 3405M
 Large Page Support: Disabled
 NUMA Support: Disabled
 Compressed Oops: Enabled (32-bit)
 Heap Region Size: 1M
 Heap Min Capacity: 8M
 Heap Initial Capacity: 54M
 Heap Max Capacity: 2G
 Pre-touch: Disabled
 Parallel Workers: 13
 Concurrent Workers: 3
 Concurrent Refinement Workers: 13
 Periodic GC: Disabled

Heap:
 garbage-first heap   total 112640K, used 75514K [0x0000000080000000, 0x0000000100000000)
  region size 1024K, 14 young (14336K), 1 survivors (1024K)
 Metaspace       used 59845K, committed 60480K, reserved 1114112K
  class space    used 8232K, committed 8512K, reserved 1048576K

Heap Regions: E=young(eden), S=young(survivor), O=old, HS=humongous(starts), HC=humongous(continues), CS=collection set, F=free, OA=open archive, CA=closed archive, TAMS=top-at-mark-start (previous, next)
|   0|0x0000000080000000, 0x0000000080100000, 0x0000000080100000|100%|HS|  |TAMS 0x0000000080100000, 0x0000000080000000| Complete 
|   1|0x0000000080100000, 0x0000000080200000, 0x0000000080200000|100%|HC|  |TAMS 0x0000000080200000, 0x0000000080100000| Complete 
|   2|0x0000000080200000, 0x0000000080300000, 0x0000000080300000|100%|HC|  |TAMS 0x0000000080300000, 0x0000000080200000| Complete 
|   3|0x0000000080300000, 0x0000000080400000, 0x0000000080400000|100%|HC|  |TAMS 0x0000000080400000, 0x0000000080300000| Complete 
|   4|0x0000000080400000, 0x0000000080500000, 0x0000000080500000|100%| O|  |TAMS 0x0000000080500000, 0x0000000080400000| Untracked 
|   5|0x0000000080500000, 0x0000000080600000, 0x0000000080600000|100%| O|  |TAMS 0x0000000080600000, 0x0000000080500000| Untracked 
|   6|0x0000000080600000, 0x0000000080700000, 0x0000000080700000|100%| O|  |TAMS 0x0000000080700000, 0x0000000080600000| Untracked 
|   7|0x0000000080700000, 0x0000000080800000, 0x0000000080800000|100%| O|  |TAMS 0x0000000080800000, 0x0000000080700000| Untracked 
|   8|0x0000000080800000, 0x0000000080900000, 0x0000000080900000|100%| O|  |TAMS 0x0000000080900000, 0x0000000080800000| Untracked 
|   9|0x0000000080900000, 0x0000000080a00000, 0x0000000080a00000|100%| O|  |TAMS 0x0000000080a00000, 0x0000000080900000| Untracked 
|  10|0x0000000080a00000, 0x0000000080b00000, 0x0000000080b00000|100%| O|  |TAMS 0x0000000080b00000, 0x0000000080a00000| Untracked 
|  11|0x0000000080b00000, 0x0000000080c00000, 0x0000000080c00000|100%| O|  |TAMS 0x0000000080c00000, 0x0000000080b00000| Untracked 
|  12|0x0000000080c00000, 0x0000000080d00000, 0x0000000080d00000|100%| O|  |TAMS 0x0000000080d00000, 0x0000000080c00000| Untracked 
|  13|0x0000000080d00000, 0x0000000080e00000, 0x0000000080e00000|100%| O|  |TAMS 0x0000000080e00000, 0x0000000080d00000| Untracked 
|  14|0x0000000080e00000, 0x0000000080f00000, 0x0000000080f00000|100%| O|  |TAMS 0x0000000080f00000, 0x0000000080e00000| Untracked 
|  15|0x0000000080f00000, 0x0000000081000000, 0x0000000081000000|100%| O|  |TAMS 0x0000000081000000, 0x0000000080f00000| Untracked 
|  16|0x0000000081000000, 0x0000000081100000, 0x0000000081100000|100%| O|  |TAMS 0x0000000081100000, 0x0000000081000000| Untracked 
|  17|0x0000000081100000, 0x0000000081200000, 0x0000000081200000|100%| O|  |TAMS 0x0000000081200000, 0x0000000081100000| Untracked 
|  18|0x0000000081200000, 0x0000000081300000, 0x0000000081300000|100%| O|  |TAMS 0x0000000081300000, 0x0000000081200000| Untracked 
|  19|0x0000000081300000, 0x0000000081400000, 0x0000000081400000|100%| O|  |TAMS 0x0000000081400000, 0x0000000081300000| Untracked 
|  20|0x0000000081400000, 0x0000000081500000, 0x0000000081500000|100%| O|  |TAMS 0x0000000081500000, 0x0000000081400000| Untracked 
|  21|0x0000000081500000, 0x0000000081600000, 0x0000000081600000|100%| O|  |TAMS 0x0000000081600000, 0x0000000081500000| Untracked 
|  22|0x0000000081600000, 0x0000000081700000, 0x0000000081700000|100%| O|  |TAMS 0x0000000081700000, 0x0000000081600000| Untracked 
|  23|0x0000000081700000, 0x0000000081800000, 0x0000000081800000|100%|HS|  |TAMS 0x0000000081700000, 0x0000000081700000| Complete 
|  24|0x0000000081800000, 0x0000000081900000, 0x0000000081900000|100%| O|  |TAMS 0x0000000081900000, 0x0000000081800000| Untracked 
|  25|0x0000000081900000, 0x0000000081a00000, 0x0000000081a00000|100%| O|  |TAMS 0x0000000081a00000, 0x0000000081900000| Untracked 
|  26|0x0000000081a00000, 0x0000000081b00000, 0x0000000081b00000|100%| O|  |TAMS 0x0000000081b00000, 0x0000000081a00000| Untracked 
|  27|0x0000000081b00000, 0x0000000081c00000, 0x0000000081c00000|100%| O|  |TAMS 0x0000000081c00000, 0x0000000081b00000| Untracked 
|  28|0x0000000081c00000, 0x0000000081d00000, 0x0000000081d00000|100%| O|  |TAMS 0x0000000081d00000, 0x0000000081c00000| Untracked 
|  29|0x0000000081d00000, 0x0000000081e00000, 0x0000000081e00000|100%| O|  |TAMS 0x0000000081e00000, 0x0000000081d00000| Complete 
|  30|0x0000000081e00000, 0x0000000081f00000, 0x0000000081f00000|100%| O|  |TAMS 0x0000000081f00000, 0x0000000081e00000| Untracked 
|  31|0x0000000081f00000, 0x0000000082000000, 0x0000000082000000|100%| O|  |TAMS 0x0000000082000000, 0x0000000081f00000| Untracked 
|  32|0x0000000082000000, 0x0000000082100000, 0x0000000082100000|100%| O|  |TAMS 0x0000000082100000, 0x0000000082000000| Untracked 
|  33|0x0000000082100000, 0x0000000082200000, 0x0000000082200000|100%| O|  |TAMS 0x0000000082200000, 0x0000000082100000| Untracked 
|  34|0x0000000082200000, 0x0000000082300000, 0x0000000082300000|100%| O|  |TAMS 0x0000000082300000, 0x0000000082200000| Untracked 
|  35|0x0000000082300000, 0x0000000082400000, 0x0000000082400000|100%| O|  |TAMS 0x0000000082400000, 0x0000000082300000| Untracked 
|  36|0x0000000082400000, 0x0000000082500000, 0x0000000082500000|100%| O|  |TAMS 0x0000000082500000, 0x0000000082400000| Untracked 
|  37|0x0000000082500000, 0x0000000082600000, 0x0000000082600000|100%| O|  |TAMS 0x0000000082600000, 0x0000000082500000| Untracked 
|  38|0x0000000082600000, 0x0000000082700000, 0x0000000082700000|100%| O|  |TAMS 0x0000000082700000, 0x0000000082600000| Untracked 
|  39|0x0000000082700000, 0x0000000082800000, 0x0000000082800000|100%| O|  |TAMS 0x0000000082800000, 0x0000000082700000| Untracked 
|  40|0x0000000082800000, 0x0000000082900000, 0x0000000082900000|100%|HS|  |TAMS 0x0000000082900000, 0x0000000082800000| Complete 
|  41|0x0000000082900000, 0x0000000082a00000, 0x0000000082a00000|100%|HS|  |TAMS 0x0000000082a00000, 0x0000000082900000| Complete 
|  42|0x0000000082a00000, 0x0000000082b00000, 0x0000000082b00000|100%|HS|  |TAMS 0x0000000082b00000, 0x0000000082a00000| Complete 
|  43|0x0000000082b00000, 0x0000000082c00000, 0x0000000082c00000|100%|HC|  |TAMS 0x0000000082c00000, 0x0000000082b00000| Complete 
|  44|0x0000000082c00000, 0x0000000082d00000, 0x0000000082d00000|100%|HS|  |TAMS 0x0000000082d00000, 0x0000000082c00000| Complete 
|  45|0x0000000082d00000, 0x0000000082e00000, 0x0000000082e00000|100%|HC|  |TAMS 0x0000000082e00000, 0x0000000082d00000| Complete 
|  46|0x0000000082e00000, 0x0000000082f00000, 0x0000000082f00000|100%|HS|  |TAMS 0x0000000082f00000, 0x0000000082e00000| Complete 
|  47|0x0000000082f00000, 0x0000000083000000, 0x0000000083000000|100%|HS|  |TAMS 0x0000000083000000, 0x0000000082f00000| Complete 
|  48|0x0000000083000000, 0x0000000083100000, 0x0000000083100000|100%|HC|  |TAMS 0x0000000083100000, 0x0000000083000000| Complete 
|  49|0x0000000083100000, 0x0000000083200000, 0x0000000083200000|100%|HC|  |TAMS 0x0000000083200000, 0x0000000083100000| Complete 
|  50|0x0000000083200000, 0x0000000083300000, 0x0000000083300000|100%|HC|  |TAMS 0x0000000083300000, 0x0000000083200000| Complete 
|  51|0x0000000083300000, 0x0000000083400000, 0x0000000083400000|100%|HS|  |TAMS 0x0000000083400000, 0x0000000083300000| Complete 
|  52|0x0000000083400000, 0x0000000083500000, 0x0000000083500000|100%| O|  |TAMS 0x0000000083500000, 0x0000000083400000| Untracked 
|  53|0x0000000083500000, 0x0000000083600000, 0x0000000083600000|100%|HS|  |TAMS 0x0000000083600000, 0x0000000083500000| Complete 
|  54|0x0000000083600000, 0x0000000083700000, 0x0000000083700000|100%| O|  |TAMS 0x0000000083700000, 0x0000000083600000| Untracked 
|  55|0x0000000083700000, 0x0000000083800000, 0x0000000083800000|100%| O|  |TAMS 0x0000000083800000, 0x0000000083700000| Untracked 
|  56|0x0000000083800000, 0x0000000083900000, 0x0000000083900000|100%| O|  |TAMS 0x0000000083900000, 0x0000000083800000| Untracked 
|  57|0x0000000083900000, 0x0000000083900000, 0x0000000083a00000|  0%| F|  |TAMS 0x0000000083900000, 0x0000000083900000| Untracked 
|  58|0x0000000083a00000, 0x0000000083a00000, 0x0000000083b00000|  0%| F|  |TAMS 0x0000000083a00000, 0x0000000083a00000| Untracked 
|  59|0x0000000083b00000, 0x0000000083b00000, 0x0000000083c00000|  0%| F|  |TAMS 0x0000000083b00000, 0x0000000083b00000| Untracked 
|  60|0x0000000083c00000, 0x0000000083d00000, 0x0000000083d00000|100%| O|  |TAMS 0x0000000083d00000, 0x0000000083c00000| Untracked 
|  61|0x0000000083d00000, 0x0000000083e00000, 0x0000000083e00000|100%| O|  |TAMS 0x0000000083e00000, 0x0000000083d00000| Untracked 
|  62|0x0000000083e00000, 0x0000000083f00000, 0x0000000083f00000|100%| O|  |TAMS 0x0000000083f00000, 0x0000000083e00000| Untracked 
|  63|0x0000000083f00000, 0x0000000083f1ac00, 0x0000000084000000| 10%| O|  |TAMS 0x0000000083f1ac00, 0x0000000083f00000| Untracked 
|  64|0x0000000084000000, 0x0000000084000000, 0x0000000084100000|  0%| F|  |TAMS 0x0000000084000000, 0x0000000084000000| Untracked 
|  65|0x0000000084100000, 0x0000000084100000, 0x0000000084200000|  0%| F|  |TAMS 0x0000000084100000, 0x0000000084100000| Untracked 
|  66|0x0000000084200000, 0x0000000084200000, 0x0000000084300000|  0%| F|  |TAMS 0x0000000084200000, 0x0000000084200000| Untracked 
|  67|0x0000000084300000, 0x0000000084300000, 0x0000000084400000|  0%| F|  |TAMS 0x0000000084300000, 0x0000000084300000| Untracked 
|  68|0x0000000084400000, 0x0000000084400000, 0x0000000084500000|  0%| F|  |TAMS 0x0000000084400000, 0x0000000084400000| Untracked 
|  69|0x0000000084500000, 0x0000000084500000, 0x0000000084600000|  0%| F|  |TAMS 0x0000000084500000, 0x0000000084500000| Untracked 
|  70|0x0000000084600000, 0x0000000084600000, 0x0000000084700000|  0%| F|  |TAMS 0x0000000084600000, 0x0000000084600000| Untracked 
|  71|0x0000000084700000, 0x0000000084700000, 0x0000000084800000|  0%| F|  |TAMS 0x0000000084700000, 0x0000000084700000| Untracked 
|  72|0x0000000084800000, 0x0000000084800000, 0x0000000084900000|  0%| F|  |TAMS 0x0000000084800000, 0x0000000084800000| Untracked 
|  73|0x0000000084900000, 0x0000000084900000, 0x0000000084a00000|  0%| F|  |TAMS 0x0000000084900000, 0x0000000084900000| Untracked 
|  74|0x0000000084a00000, 0x0000000084a00000, 0x0000000084b00000|  0%| F|  |TAMS 0x0000000084a00000, 0x0000000084a00000| Untracked 
|  75|0x0000000084b00000, 0x0000000084b00000, 0x0000000084c00000|  0%| F|  |TAMS 0x0000000084b00000, 0x0000000084b00000| Untracked 
|  76|0x0000000084c00000, 0x0000000084c00000, 0x0000000084d00000|  0%| F|  |TAMS 0x0000000084c00000, 0x0000000084c00000| Untracked 
|  77|0x0000000084d00000, 0x0000000084d00000, 0x0000000084e00000|  0%| F|  |TAMS 0x0000000084d00000, 0x0000000084d00000| Untracked 
|  78|0x0000000084e00000, 0x0000000084e00000, 0x0000000084f00000|  0%| F|  |TAMS 0x0000000084e00000, 0x0000000084e00000| Untracked 
|  79|0x0000000084f00000, 0x0000000084f00000, 0x0000000085000000|  0%| F|  |TAMS 0x0000000084f00000, 0x0000000084f00000| Untracked 
|  80|0x0000000085000000, 0x0000000085000000, 0x0000000085100000|  0%| F|  |TAMS 0x0000000085000000, 0x0000000085000000| Untracked 
|  81|0x0000000085100000, 0x0000000085100000, 0x0000000085200000|  0%| F|  |TAMS 0x0000000085100000, 0x0000000085100000| Untracked 
|  82|0x0000000085200000, 0x0000000085200000, 0x0000000085300000|  0%| F|  |TAMS 0x0000000085200000, 0x0000000085200000| Untracked 
|  83|0x0000000085300000, 0x0000000085300000, 0x0000000085400000|  0%| F|  |TAMS 0x0000000085300000, 0x0000000085300000| Untracked 
|  84|0x0000000085400000, 0x0000000085400000, 0x0000000085500000|  0%| F|  |TAMS 0x0000000085400000, 0x0000000085400000| Untracked 
|  85|0x0000000085500000, 0x0000000085500000, 0x0000000085600000|  0%| F|  |TAMS 0x0000000085500000, 0x0000000085500000| Untracked 
|  86|0x0000000085600000, 0x0000000085600000, 0x0000000085700000|  0%| F|  |TAMS 0x0000000085600000, 0x0000000085600000| Untracked 
|  87|0x0000000085700000, 0x0000000085700000, 0x0000000085800000|  0%| F|  |TAMS 0x0000000085700000, 0x0000000085700000| Untracked 
|  88|0x0000000085800000, 0x0000000085800000, 0x0000000085900000|  0%| F|  |TAMS 0x0000000085800000, 0x0000000085800000| Untracked 
|  89|0x0000000085900000, 0x0000000085900000, 0x0000000085a00000|  0%| F|  |TAMS 0x0000000085900000, 0x0000000085900000| Untracked 
|  90|0x0000000085a00000, 0x0000000085a00000, 0x0000000085b00000|  0%| F|  |TAMS 0x0000000085a00000, 0x0000000085a00000| Untracked 
|  91|0x0000000085b00000, 0x0000000085b00000, 0x0000000085c00000|  0%| F|  |TAMS 0x0000000085b00000, 0x0000000085b00000| Untracked 
|  92|0x0000000085c00000, 0x0000000085c00000, 0x0000000085d00000|  0%| F|  |TAMS 0x0000000085c00000, 0x0000000085c00000| Untracked 
|  93|0x0000000085d00000, 0x0000000085d00000, 0x0000000085e00000|  0%| F|  |TAMS 0x0000000085d00000, 0x0000000085d00000| Untracked 
|  94|0x0000000085e00000, 0x0000000085ea3fb0, 0x0000000085f00000| 64%| S|CS|TAMS 0x0000000085e00000, 0x0000000085e00000| Complete 
|  95|0x0000000085f00000, 0x0000000085fa0360, 0x0000000086000000| 62%| E|  |TAMS 0x0000000085f00000, 0x0000000085f00000| Complete 
|  96|0x0000000086000000, 0x0000000086100000, 0x0000000086100000|100%| E|CS|TAMS 0x0000000086000000, 0x0000000086000000| Complete 
|  97|0x0000000086100000, 0x0000000086200000, 0x0000000086200000|100%| E|CS|TAMS 0x0000000086100000, 0x0000000086100000| Complete 
|  98|0x0000000086200000, 0x0000000086300000, 0x0000000086300000|100%| E|CS|TAMS 0x0000000086200000, 0x0000000086200000| Complete 
|  99|0x0000000086300000, 0x0000000086400000, 0x0000000086400000|100%| E|CS|TAMS 0x0000000086300000, 0x0000000086300000| Complete 
| 100|0x0000000086400000, 0x0000000086500000, 0x0000000086500000|100%| E|CS|TAMS 0x0000000086400000, 0x0000000086400000| Complete 
| 101|0x0000000086500000, 0x0000000086600000, 0x0000000086600000|100%| E|CS|TAMS 0x0000000086500000, 0x0000000086500000| Complete 
| 102|0x0000000086600000, 0x0000000086700000, 0x0000000086700000|100%| E|  |TAMS 0x0000000086600000, 0x0000000086600000| Complete 
| 103|0x0000000086700000, 0x0000000086800000, 0x0000000086800000|100%| E|CS|TAMS 0x0000000086700000, 0x0000000086700000| Complete 
| 104|0x0000000086800000, 0x0000000086900000, 0x0000000086900000|100%| E|CS|TAMS 0x0000000086800000, 0x0000000086800000| Complete 
| 105|0x0000000086900000, 0x0000000086a00000, 0x0000000086a00000|100%| E|CS|TAMS 0x0000000086900000, 0x0000000086900000| Complete 
| 106|0x0000000086a00000, 0x0000000086b00000, 0x0000000086b00000|100%| E|CS|TAMS 0x0000000086a00000, 0x0000000086a00000| Complete 
| 107|0x0000000086b00000, 0x0000000086c00000, 0x0000000086c00000|100%| E|CS|TAMS 0x0000000086b00000, 0x0000000086b00000| Complete 
|2046|0x00000000ffe00000, 0x00000000fff00000, 0x00000000fff00000|100%| O|  |TAMS 0x00000000fff00000, 0x00000000ffe00000| Untracked 
|2047|0x00000000fff00000, 0x0000000100000000, 0x0000000100000000|100%| O|  |TAMS 0x0000000100000000, 0x00000000fff00000| Untracked 

Card table byte_map: [0x00000245f8b40000,0x00000245f8f40000] _byte_map_base: 0x00000245f8740000

Marking Bits (Prev, Next): (CMBitMap*) 0x00000245f4a589c0, (CMBitMap*) 0x00000245f4a58a00
 Prev Bits: [0x00000245f9340000, 0x00000245fb340000)
 Next Bits: [0x00000245fb340000, 0x00000245fd340000)

Polling page: 0x00000245f2970000

Metaspace:

Usage:
  Non-class:     50.41 MB used.
      Class:      8.04 MB used.
       Both:     58.45 MB used.

Virtual space:
  Non-class space:       64.00 MB reserved,      50.75 MB ( 79%) committed,  1 nodes.
      Class space:        1.00 GB reserved,       8.31 MB ( <1%) committed,  1 nodes.
             Both:        1.06 GB reserved,      59.06 MB (  5%) committed. 

Chunk freelists:
   Non-Class:  12.61 MB
       Class:  7.70 MB
        Both:  20.31 MB

MaxMetaspaceSize: unlimited
CompressedClassSpaceSize: 1.00 GB
Initial GC threshold: 21.00 MB
Current GC threshold: 97.00 MB
CDS: off
MetaspaceReclaimPolicy: balanced
 - commit_granule_bytes: 65536.
 - commit_granule_words: 8192.
 - virtual_space_node_default_size: 8388608.
 - enlarge_chunks_in_place: 1.
 - new_chunks_are_fully_committed: 0.
 - uncommit_free_chunks: 1.
 - use_allocation_guard: 0.
 - handle_deallocations: 1.


Internal statistics:

num_allocs_failed_limit: 6.
num_arena_births: 690.
num_arena_deaths: 0.
num_vsnodes_births: 2.
num_vsnodes_deaths: 0.
num_space_committed: 945.
num_space_uncommitted: 0.
num_chunks_returned_to_freelist: 6.
num_chunks_taken_from_freelist: 2734.
num_chunk_merges: 6.
num_chunk_splits: 1794.
num_chunks_enlarged: 1206.
num_inconsistent_stats: 0.

CodeHeap 'non-profiled nmethods': size=119168Kb used=3115Kb max_used=3115Kb free=116052Kb
 bounds [0x0000024587ba0000, 0x0000024587eb0000, 0x000002458f000000]
CodeHeap 'profiled nmethods': size=119104Kb used=12832Kb max_used=12832Kb free=106271Kb
 bounds [0x0000024580000000, 0x0000024580c90000, 0x0000024587450000]
CodeHeap 'non-nmethods': size=7488Kb used=3321Kb max_used=3387Kb free=4166Kb
 bounds [0x0000024587450000, 0x00000245877b0000, 0x0000024587ba0000]
 total_blobs=7501 nmethods=6795 adapters=615
 compilation: enabled
              stopped_count=0, restarted_count=0
 full_count=0

Compilation events (20 events):
Event: 16.458 Thread 0x000002459756b910 7467       3       org.gradle.internal.classloader.FilteringClassLoader::classAllowed (80 bytes)
Event: 16.458 Thread 0x000002459756b910 nmethod 7467 0x0000024580c79710 code [0x0000024580c79960, 0x0000024580c7a2d8]
Event: 16.470 Thread 0x000002458f4a86f0 nmethod 7466 0x0000024587ea7490 code [0x0000024587ea76a0, 0x0000024587ea86a8]
Event: 16.470 Thread 0x000002458f4a86f0 7468   !   4       java.net.URLClassLoader::defineClass (224 bytes)
Event: 16.485 Thread 0x000002459756b910 7470       3       org.gradle.internal.classloader.TransformErrorHandler::enterClassLoadingScope (50 bytes)
Event: 16.485 Thread 0x00000245962d9850 7469   !   3       org.gradle.internal.classloader.VisitableURLClassLoader$InstrumentingVisitableURLClassLoader::findClass (36 bytes)
Event: 16.485 Thread 0x0000024595d6a850 7471       3       org.gradle.internal.classloader.VisitableURLClassLoader$InstrumentingVisitableURLClassLoader::instrumentClass (10 bytes)
Event: 16.485 Thread 0x000002458f4a8cc0 7472   !   3       org.gradle.internal.classloader.TransformReplacer::getInstrumentedClass (34 bytes)
Event: 16.485 Thread 0x00000245962d9850 nmethod 7469 0x0000024580c7a690 code [0x0000024580c7a8a0, 0x0000024580c7ae68]
Event: 16.486 Thread 0x000002459756b910 nmethod 7470 0x0000024580c7b110 code [0x0000024580c7b3a0, 0x0000024580c7bdf8]
Event: 16.486 Thread 0x000002458f4a8cc0 nmethod 7472 0x0000024580c7c210 code [0x0000024580c7c400, 0x0000024580c7c918]
Event: 16.486 Thread 0x0000024595d6a850 nmethod 7471 0x0000024580c7cb90 code [0x0000024580c7cda0, 0x0000024580c7d338]
Event: 16.490 Thread 0x000002458f4a8cc0 7473  s!   3       org.gradle.internal.classloader.TransformReplacer$JarLoader::loadTransformedClass (56 bytes)
Event: 16.490 Thread 0x0000024595d6a850 7474       3       org.gradle.internal.classloader.TransformReplacer$JarLoader::getJarFileLocked (104 bytes)
Event: 16.490 Thread 0x00000245962d9850 7475       3       org.gradle.internal.classloader.TransformReplacer::access$100 (5 bytes)
Event: 16.490 Thread 0x000002459756b910 7476       3       org.gradle.internal.classloader.TransformReplacer$JarLoader::classNameToPath (20 bytes)
Event: 16.490 Thread 0x00000245962d9850 nmethod 7475 0x0000024580c7d610 code [0x0000024580c7d7c0, 0x0000024580c7da28]
Event: 16.490 Thread 0x000002458f4a8cc0 nmethod 7473 0x0000024580c7db90 code [0x0000024580c7de60, 0x0000024580c7eda8]
Event: 16.490 Thread 0x000002459756b910 nmethod 7476 0x0000024580c7f390 code [0x0000024580c7f5a0, 0x0000024580c7fb08]
Event: 16.492 Thread 0x0000024595d6a850 nmethod 7474 0x0000024580c7fd10 code [0x0000024580c800a0, 0x0000024580c81898]

GC Heap History (20 events):
Event: 13.159 GC heap before
{Heap before GC invocations=16 (full 0):
 garbage-first heap   total 66560K, used 52814K [0x0000000080000000, 0x0000000100000000)
  region size 1024K, 22 young (22528K), 2 survivors (2048K)
 Metaspace       used 46377K, committed 46848K, reserved 1114112K
  class space    used 6304K, committed 6528K, reserved 1048576K
}
Event: 13.162 GC heap after
{Heap after GC invocations=17 (full 0):
 garbage-first heap   total 66560K, used 33453K [0x0000000080000000, 0x0000000100000000)
  region size 1024K, 3 young (3072K), 3 survivors (3072K)
 Metaspace       used 46377K, committed 46848K, reserved 1114112K
  class space    used 6304K, committed 6528K, reserved 1048576K
}
Event: 13.561 GC heap before
{Heap before GC invocations=18 (full 0):
 garbage-first heap   total 66560K, used 53933K [0x0000000080000000, 0x0000000100000000)
  region size 1024K, 23 young (23552K), 3 survivors (3072K)
 Metaspace       used 49229K, committed 49664K, reserved 1114112K
  class space    used 6762K, committed 6976K, reserved 1048576K
}
Event: 13.565 GC heap after
{Heap after GC invocations=19 (full 0):
 garbage-first heap   total 66560K, used 34346K [0x0000000080000000, 0x0000000100000000)
  region size 1024K, 3 young (3072K), 3 survivors (3072K)
 Metaspace       used 49229K, committed 49664K, reserved 1114112K
  class space    used 6762K, committed 6976K, reserved 1048576K
}
Event: 13.923 GC heap before
{Heap before GC invocations=19 (full 0):
 garbage-first heap   total 66560K, used 52778K [0x0000000080000000, 0x0000000100000000)
  region size 1024K, 21 young (21504K), 3 survivors (3072K)
 Metaspace       used 51453K, committed 51904K, reserved 1114112K
  class space    used 7127K, committed 7296K, reserved 1048576K
}
Event: 13.927 GC heap after
{Heap after GC invocations=20 (full 0):
 garbage-first heap   total 66560K, used 35322K [0x0000000080000000, 0x0000000100000000)
  region size 1024K, 2 young (2048K), 2 survivors (2048K)
 Metaspace       used 51453K, committed 51904K, reserved 1114112K
  class space    used 7127K, committed 7296K, reserved 1048576K
}
Event: 14.068 GC heap before
{Heap before GC invocations=21 (full 0):
 garbage-first heap   total 66560K, used 42490K [0x0000000080000000, 0x0000000100000000)
  region size 1024K, 10 young (10240K), 2 survivors (2048K)
 Metaspace       used 52318K, committed 52800K, reserved 1114112K
  class space    used 7267K, committed 7488K, reserved 1048576K
}
Event: 14.072 GC heap after
{Heap after GC invocations=22 (full 0):
 garbage-first heap   total 84992K, used 36141K [0x0000000080000000, 0x0000000100000000)
  region size 1024K, 2 young (2048K), 2 survivors (2048K)
 Metaspace       used 52318K, committed 52800K, reserved 1114112K
  class space    used 7267K, committed 7488K, reserved 1048576K
}
Event: 15.081 GC heap before
{Heap before GC invocations=22 (full 0):
 garbage-first heap   total 84992K, used 70957K [0x0000000080000000, 0x0000000100000000)
  region size 1024K, 34 young (34816K), 2 survivors (2048K)
 Metaspace       used 56123K, committed 56640K, reserved 1114112K
  class space    used 7683K, committed 7936K, reserved 1048576K
}
Event: 15.086 GC heap after
{Heap after GC invocations=23 (full 0):
 garbage-first heap   total 84992K, used 38940K [0x0000000080000000, 0x0000000100000000)
  region size 1024K, 5 young (5120K), 5 survivors (5120K)
 Metaspace       used 56123K, committed 56640K, reserved 1114112K
  class space    used 7683K, committed 7936K, reserved 1048576K
}
Event: 15.427 GC heap before
{Heap before GC invocations=23 (full 0):
 garbage-first heap   total 84992K, used 65564K [0x0000000080000000, 0x0000000100000000)
  region size 1024K, 32 young (32768K), 5 survivors (5120K)
 Metaspace       used 57015K, committed 57600K, reserved 1114112K
  class space    used 7852K, committed 8128K, reserved 1048576K
}
Event: 15.437 GC heap after
{Heap after GC invocations=24 (full 0):
 garbage-first heap   total 84992K, used 42734K [0x0000000080000000, 0x0000000100000000)
  region size 1024K, 4 young (4096K), 4 survivors (4096K)
 Metaspace       used 57015K, committed 57600K, reserved 1114112K
  class space    used 7852K, committed 8128K, reserved 1048576K
}
Event: 15.737 GC heap before
{Heap before GC invocations=24 (full 0):
 garbage-first heap   total 84992K, used 58094K [0x0000000080000000, 0x0000000100000000)
  region size 1024K, 21 young (21504K), 4 survivors (4096K)
 Metaspace       used 57386K, committed 57984K, reserved 1114112K
  class space    used 7887K, committed 8192K, reserved 1048576K
}
Event: 15.741 GC heap after
{Heap after GC invocations=25 (full 0):
 garbage-first heap   total 84992K, used 43500K [0x0000000080000000, 0x0000000100000000)
  region size 1024K, 3 young (3072K), 3 survivors (3072K)
 Metaspace       used 57386K, committed 57984K, reserved 1114112K
  class space    used 7887K, committed 8192K, reserved 1048576K
}
Event: 16.269 GC heap before
{Heap before GC invocations=26 (full 0):
 garbage-first heap   total 84992K, used 76268K [0x0000000080000000, 0x0000000100000000)
  region size 1024K, 23 young (23552K), 3 survivors (3072K)
 Metaspace       used 58352K, committed 58944K, reserved 1114112K
  class space    used 8052K, committed 8320K, reserved 1048576K
}
Event: 16.275 GC heap after
{Heap after GC invocations=27 (full 0):
 garbage-first heap   total 88064K, used 63036K [0x0000000080000000, 0x0000000100000000)
  region size 1024K, 4 young (4096K), 4 survivors (4096K)
 Metaspace       used 58352K, committed 58944K, reserved 1114112K
  class space    used 8052K, committed 8320K, reserved 1048576K
}
Event: 16.294 GC heap before
{Heap before GC invocations=27 (full 0):
 garbage-first heap   total 88064K, used 64060K [0x0000000080000000, 0x0000000100000000)
  region size 1024K, 5 young (5120K), 4 survivors (4096K)
 Metaspace       used 58410K, committed 59008K, reserved 1114112K
  class space    used 8059K, committed 8320K, reserved 1048576K
}
Event: 16.298 GC heap after
{Heap after GC invocations=28 (full 0):
 garbage-first heap   total 106496K, used 62922K [0x0000000080000000, 0x0000000100000000)
  region size 1024K, 1 young (1024K), 1 survivors (1024K)
 Metaspace       used 58410K, committed 59008K, reserved 1114112K
  class space    used 8059K, committed 8320K, reserved 1048576K
}
Event: 16.395 GC heap before
{Heap before GC invocations=28 (full 0):
 garbage-first heap   total 106496K, used 68042K [0x0000000080000000, 0x0000000100000000)
  region size 1024K, 8 young (8192K), 1 survivors (1024K)
 Metaspace       used 58904K, committed 59520K, reserved 1114112K
  class space    used 8106K, committed 8384K, reserved 1048576K
}
Event: 16.397 GC heap after
{Heap after GC invocations=29 (full 0):
 garbage-first heap   total 106496K, used 63226K [0x0000000080000000, 0x0000000100000000)
  region size 1024K, 1 young (1024K), 1 survivors (1024K)
 Metaspace       used 58904K, committed 59520K, reserved 1114112K
  class space    used 8106K, committed 8384K, reserved 1048576K
}

Dll operation events (3 events):
Event: 0.090 Loaded shared library C:\Users\imwan\OneDrive\Desktop\Jelly Android\android-studio-2023.3.1.18-windows\android-studio\jbr\bin\java.dll
Event: 0.489 Loaded shared library C:\Users\imwan\OneDrive\Desktop\Jelly Android\android-studio-2023.3.1.18-windows\android-studio\jbr\bin\zip.dll
Event: 1.089 Loaded shared library C:\Users\imwan\OneDrive\Desktop\Jelly Android\android-studio-2023.3.1.18-windows\android-studio\jbr\bin\verify.dll

Deoptimization events (20 events):
Event: 16.251 Thread 0x0000024595d17590 Uncommon trap: trap_request=0xffffffde fr.pc=0x0000024587bdb538 relative=0x00000000000007b8
Event: 16.251 Thread 0x0000024595d17590 Uncommon trap: reason=class_check action=maybe_recompile pc=0x0000024587bdb538 method=java.io.BufferedInputStream.read1([BII)I @ 39 c2
Event: 16.251 Thread 0x0000024595d17590 DEOPT PACKING pc=0x0000024587bdb538 sp=0x000000c7136f6910
Event: 16.251 Thread 0x0000024595d17590 DEOPT UNPACKING pc=0x00000245874a69a3 sp=0x000000c7136f6828 mode 2
Event: 16.251 Thread 0x0000024595d17590 Uncommon trap: trap_request=0xffffffde fr.pc=0x0000024587bdb538 relative=0x00000000000007b8
Event: 16.251 Thread 0x0000024595d17590 Uncommon trap: reason=class_check action=maybe_recompile pc=0x0000024587bdb538 method=java.io.BufferedInputStream.read1([BII)I @ 39 c2
Event: 16.251 Thread 0x0000024595d17590 DEOPT PACKING pc=0x0000024587bdb538 sp=0x000000c7136f6910
Event: 16.251 Thread 0x0000024595d17590 DEOPT UNPACKING pc=0x00000245874a69a3 sp=0x000000c7136f6828 mode 2
Event: 16.251 Thread 0x0000024595d17590 Uncommon trap: trap_request=0xffffffde fr.pc=0x0000024587bdb538 relative=0x00000000000007b8
Event: 16.251 Thread 0x0000024595d17590 Uncommon trap: reason=class_check action=maybe_recompile pc=0x0000024587bdb538 method=java.io.BufferedInputStream.read1([BII)I @ 39 c2
Event: 16.251 Thread 0x0000024595d17590 DEOPT PACKING pc=0x0000024587bdb538 sp=0x000000c7136f6910
Event: 16.251 Thread 0x0000024595d17590 DEOPT UNPACKING pc=0x00000245874a69a3 sp=0x000000c7136f6828 mode 2
Event: 16.282 Thread 0x0000024595d17590 DEOPT PACKING pc=0x0000024580b2c512 sp=0x000000c7136f26b0
Event: 16.283 Thread 0x0000024595d17590 DEOPT UNPACKING pc=0x00000245874a7143 sp=0x000000c7136f1bc0 mode 0
Event: 16.354 Thread 0x0000024595d17590 Uncommon trap: trap_request=0xffffffde fr.pc=0x0000024587e07c74 relative=0x0000000000002754
Event: 16.354 Thread 0x0000024595d17590 Uncommon trap: reason=class_check action=maybe_recompile pc=0x0000024587e07c74 method=java.util.jar.JarFile.getManifestFromReference()Ljava/util/jar/Manifest; @ 152 c2
Event: 16.354 Thread 0x0000024595d17590 DEOPT PACKING pc=0x0000024587e07c74 sp=0x000000c7136f6050
Event: 16.354 Thread 0x0000024595d17590 DEOPT UNPACKING pc=0x00000245874a69a3 sp=0x000000c7136f5fc0 mode 2
Event: 16.449 Thread 0x0000024595d17590 DEOPT PACKING pc=0x0000024580b2c512 sp=0x000000c7136f5e50
Event: 16.449 Thread 0x0000024595d17590 DEOPT UNPACKING pc=0x00000245874a7143 sp=0x000000c7136f5360 mode 0

Classes unloaded (0 events):
No events

Classes redefined (0 events):
No events

Internal exceptions (20 events):
Event: 14.548 Thread 0x0000024595d17590 Exception <a 'java/lang/NoSuchMethodError'{0x0000000084184800}: 'java.lang.Object java.lang.invoke.Invokers$Holder.linkToTargetMethod(java.lang.Object, java.lang.Object, java.lang.Object, java.lang.Object, int, java.lang.Object)'> (0x0000000084184800) 
thrown [s\src\hotspot\share\interpreter\linkResolver.cpp, line 771]
Event: 14.553 Thread 0x0000024595d17590 Exception <a 'java/lang/NoSuchMethodError'{0x00000000841b62d8}: 'java.lang.Object java.lang.invoke.DirectMethodHandle$Holder.invokeSpecial(java.lang.Object, java.lang.Object, java.lang.Object, java.lang.Object, java.lang.Object, long)'> (0x00000000841b62d8) 
thrown [s\src\hotspot\share\interpreter\linkResolver.cpp, line 771]
Event: 14.556 Thread 0x0000024595d17590 Exception <a 'java/lang/NoSuchMethodError'{0x00000000841d81a0}: 'void java.lang.invoke.DirectMethodHandle$Holder.invokeStatic(java.lang.Object, java.lang.Object, java.lang.Object, int, java.lang.Object)'> (0x00000000841d81a0) 
thrown [s\src\hotspot\share\interpreter\linkResolver.cpp, line 771]
Event: 15.100 Thread 0x0000024595d17590 Exception <a 'java/lang/NoSuchMethodError'{0x00000000852c98f0}: 'java.lang.Object java.lang.invoke.DirectMethodHandle$Holder.newInvokeSpecial(java.lang.Object, java.lang.Object, java.lang.Object, java.lang.Object, int, java.lang.Object)'> (0x00000000852c98f0) 
thrown [s\src\hotspot\share\interpreter\linkResolver.cpp, line 771]
Event: 15.100 Thread 0x0000024595d17590 Exception <a 'java/lang/NoSuchMethodError'{0x00000000852cec00}: 'java.lang.Object java.lang.invoke.Invokers$Holder.linkToTargetMethod(java.lang.Object, java.lang.Object, java.lang.Object, int, java.lang.Object, java.lang.Object)'> (0x00000000852cec00) 
thrown [s\src\hotspot\share\interpreter\linkResolver.cpp, line 771]
Event: 15.580 Thread 0x0000024595d17590 Exception <a 'java/lang/NoSuchMethodError'{0x0000000084706920}: 'long java.lang.invoke.DirectMethodHandle$Holder.invokeVirtual(java.lang.Object, java.lang.Object)'> (0x0000000084706920) 
thrown [s\src\hotspot\share\interpreter\linkResolver.cpp, line 771]
Event: 15.588 Thread 0x0000024595abbb70 Exception <a 'java/lang/NoSuchMethodError'{0x000000008475d490}: static Lorg/gradle/internal/build/event/types/DefaultOperationFinishedProgressEvent;.<clinit>()V> (0x000000008475d490) 
thrown [s\src\hotspot\share\prims\jni.cpp, line 1108]
Event: 15.593 Thread 0x0000024595abbb70 Exception <a 'java/lang/NoSuchMethodError'{0x0000000084787d68}: static Lorg/gradle/internal/build/event/types/DefaultProjectConfigurationSuccessResult;.<clinit>()V> (0x0000000084787d68) 
thrown [s\src\hotspot\share\prims\jni.cpp, line 1108]
Event: 15.594 Thread 0x0000024595abbb70 Exception <a 'java/lang/NoSuchMethodError'{0x000000008478c748}: static Lorg/gradle/internal/build/event/types/AbstractProjectConfigurationResult;.<clinit>()V> (0x000000008478c748) 
thrown [s\src\hotspot\share\prims\jni.cpp, line 1108]
Event: 15.594 Thread 0x0000024595abbb70 Exception <a 'java/lang/NoSuchMethodError'{0x000000008478de90}: static Lorg/gradle/internal/build/event/types/AbstractOperationResult;.<clinit>()V> (0x000000008478de90) 
thrown [s\src\hotspot\share\prims\jni.cpp, line 1108]
Event: 15.595 Thread 0x0000024595abbb70 Exception <a 'java/lang/NoSuchMethodError'{0x000000008478f2e0}: static Lorg/gradle/internal/build/event/types/AbstractResult;.<clinit>()V> (0x000000008478f2e0) 
thrown [s\src\hotspot\share\prims\jni.cpp, line 1108]
Event: 15.599 Thread 0x0000024595abbb70 Exception <a 'java/lang/NoSuchMethodError'{0x00000000847a8208}: static Lorg/gradle/internal/build/event/types/DefaultPluginApplicationResult;.<clinit>()V> (0x00000000847a8208) 
thrown [s\src\hotspot\share\prims\jni.cpp, line 1108]
Event: 15.600 Thread 0x0000024595abbb70 Exception <a 'java/lang/NoSuchMethodError'{0x00000000847b4bf8}: static Lorg/gradle/internal/build/event/types/DefaultBinaryPluginIdentifier;.<clinit>()V> (0x00000000847b4bf8) 
thrown [s\src\hotspot\share\prims\jni.cpp, line 1108]
Event: 15.605 Thread 0x0000024595abbb70 Exception <a 'java/lang/NoSuchMethodError'{0x000000008463cd80}: static Lorg/gradle/internal/build/event/types/DefaultScriptPluginIdentifier;.<clinit>()V> (0x000000008463cd80) 
thrown [s\src\hotspot\share\prims\jni.cpp, line 1108]
Event: 15.718 Thread 0x0000024595d17590 Implicit null exception at 0x0000024587d6d492 to 0x0000024587d6db80
Event: 15.847 Thread 0x0000024595d17590 Exception <a 'java/lang/NoSuchMethodError'{0x000000008507b0f0}: 'void java.lang.invoke.Invokers$Holder.invoke_MT(java.lang.Object, java.lang.Object, java.lang.Object, java.lang.Object)'> (0x000000008507b0f0) 
thrown [s\src\hotspot\share\interpreter\linkResolver.cpp, line 771]
Event: 15.853 Thread 0x0000024595d17590 Exception <a 'java/lang/NoSuchMethodError'{0x00000000850c4b70}: 'java.lang.Object java.lang.invoke.DirectMethodHandle$Holder.invokeSpecial(java.lang.Object, java.lang.Object, java.lang.Object, int, java.lang.Object, java.lang.Object)'> (0x00000000850c4b70) 
thrown [s\src\hotspot\share\interpreter\linkResolver.cpp, line 771]
Event: 16.084 Thread 0x0000024595d17590 Exception <a 'java/lang/ClassNotFoundException'{0x00000000847949d0}: sun/misc/SharedSecrets> (0x00000000847949d0) 
thrown [s\src\hotspot\share\classfile\systemDictionary.cpp, line 256]
Event: 16.084 Thread 0x0000024595d17590 Exception <a 'java/lang/ClassNotFoundException'{0x0000000084795fa8}: org/gradle/api/internal/plugins/DefaultObjectConfigurationActionBeanInfo> (0x0000000084795fa8) 
thrown [s\src\hotspot\share\classfile\systemDictionary.cpp, line 256]
Event: 16.084 Thread 0x0000024595d17590 Exception <a 'java/lang/ClassNotFoundException'{0x00000000847ac9e0}: org/gradle/api/internal/plugins/DefaultObjectConfigurationActionCustomizer> (0x00000000847ac9e0) 
thrown [s\src\hotspot\share\classfile\systemDictionary.cpp, line 256]

VM Operations (20 events):
Event: 15.548 Executing VM operation: HandshakeAllThreads
Event: 15.549 Executing VM operation: HandshakeAllThreads done
Event: 15.608 Executing VM operation: ICBufferFull
Event: 15.608 Executing VM operation: ICBufferFull done
Event: 15.737 Executing VM operation: G1TryInitiateConcMark
Event: 15.741 Executing VM operation: G1TryInitiateConcMark done
Event: 15.765 Executing VM operation: G1PauseRemark
Event: 15.774 Executing VM operation: G1PauseRemark done
Event: 15.784 Executing VM operation: G1PauseCleanup
Event: 15.784 Executing VM operation: G1PauseCleanup done
Event: 16.269 Executing VM operation: G1CollectForAllocation
Event: 16.275 Executing VM operation: G1CollectForAllocation done
Event: 16.294 Executing VM operation: G1CollectForAllocation
Event: 16.298 Executing VM operation: G1CollectForAllocation done
Event: 16.395 Executing VM operation: G1TryInitiateConcMark
Event: 16.397 Executing VM operation: G1TryInitiateConcMark done
Event: 16.414 Executing VM operation: G1PauseRemark
Event: 16.418 Executing VM operation: G1PauseRemark done
Event: 16.427 Executing VM operation: G1PauseCleanup
Event: 16.427 Executing VM operation: G1PauseCleanup done

Events (20 events):
Event: 15.115 Thread 0x00000245946f9c50 Thread added: 0x00000245946f9c50
Event: 15.115 Thread 0x00000245946fa160 Thread added: 0x00000245946fa160
Event: 15.116 Thread 0x00000245946fa670 Thread added: 0x00000245946fa670
Event: 15.116 Thread 0x0000024598aa6fa0 Thread added: 0x0000024598aa6fa0
Event: 15.116 Thread 0x0000024598aa6a90 Thread added: 0x0000024598aa6a90
Event: 15.116 Thread 0x0000024598aa9310 Thread added: 0x0000024598aa9310
Event: 15.583 loading class java/util/stream/SortedOps$RefSortingSink
Event: 15.583 loading class java/util/stream/SortedOps$RefSortingSink done
Event: 15.602 loading class java/time/Ser
Event: 15.602 loading class java/time/Ser done
Event: 15.708 Thread 0x0000024598aac0a0 Thread added: 0x0000024598aac0a0
Event: 15.709 Thread 0x0000024598aab680 Thread added: 0x0000024598aab680
Event: 15.902 Thread 0x000002459626c800 Thread exited: 0x000002459626c800
Event: 16.084 loading class sun/misc/SharedSecrets
Event: 16.084 loading class sun/misc/SharedSecrets done
Event: 16.085 loading class jdk/internal/reflect/UnsafeObjectFieldAccessorImpl
Event: 16.086 loading class jdk/internal/reflect/UnsafeObjectFieldAccessorImpl done
Event: 16.199 Thread 0x0000024594ba0a70 Thread exited: 0x0000024594ba0a70
Event: 16.233 Thread 0x0000024596a56570 Thread added: 0x0000024596a56570
Event: 16.405 Thread 0x0000024596a56570 Thread exited: 0x0000024596a56570


Dynamic libraries:
0x00007ff64e400000 - 0x00007ff64e40a000 	C:\Users\imwan\OneDrive\Desktop\Jelly Android\android-studio-2023.3.1.18-windows\android-studio\jbr\bin\java.exe
0x00007ffd88890000 - 0x00007ffd88aa7000 	C:\WINDOWS\SYSTEM32\ntdll.dll
0x00007ffd87bf0000 - 0x00007ffd87cb4000 	C:\WINDOWS\System32\KERNEL32.DLL
0x00007ffd861a0000 - 0x00007ffd8654c000 	C:\WINDOWS\System32\KERNELBASE.dll
0x00007ffd85ee0000 - 0x00007ffd85ff1000 	C:\WINDOWS\System32\ucrtbase.dll
0x00007ffd48310000 - 0x00007ffd48327000 	C:\Users\imwan\OneDrive\Desktop\Jelly Android\android-studio-2023.3.1.18-windows\android-studio\jbr\bin\jli.dll
0x00007ffd69bb0000 - 0x00007ffd69bcb000 	C:\Users\imwan\OneDrive\Desktop\Jelly Android\android-studio-2023.3.1.18-windows\android-studio\jbr\bin\VCRUNTIME140.dll
0x00007ffd865d0000 - 0x00007ffd8677e000 	C:\WINDOWS\System32\USER32.dll
0x00007ffd86170000 - 0x00007ffd86196000 	C:\WINDOWS\System32\win32u.dll
0x00007ffd87b80000 - 0x00007ffd87ba9000 	C:\WINDOWS\System32\GDI32.dll
0x00007ffd6aae0000 - 0x00007ffd6ad73000 	C:\WINDOWS\WinSxS\amd64_microsoft.windows.common-controls_6595b64144ccf1df_6.0.22621.3672_none_2713b9d173822955\COMCTL32.dll
0x00007ffd85cd0000 - 0x00007ffd85de9000 	C:\WINDOWS\System32\gdi32full.dll
0x00007ffd85bc0000 - 0x00007ffd85c5a000 	C:\WINDOWS\System32\msvcp_win.dll
0x00007ffd87ce0000 - 0x00007ffd87d87000 	C:\WINDOWS\System32\msvcrt.dll
0x00007ffd87bb0000 - 0x00007ffd87be1000 	C:\WINDOWS\System32\IMM32.DLL
0x000000005b990000 - 0x000000005b99c000 	C:\Program Files (x86)\360\Total Security\safemon\SafeWrapper.dll
0x00007ffd86890000 - 0x00007ffd86942000 	C:\WINDOWS\System32\ADVAPI32.dll
0x00007ffd88740000 - 0x00007ffd887e8000 	C:\WINDOWS\System32\sechost.dll
0x00007ffd85df0000 - 0x00007ffd85e18000 	C:\WINDOWS\System32\bcrypt.dll
0x00007ffd88010000 - 0x00007ffd88125000 	C:\WINDOWS\System32\RPCRT4.dll
0x00007ffd36bb0000 - 0x00007ffd36c42000 	C:\Program Files (x86)\360\Total Security\safemon\libzdtp64.dll
0x00007ffd86ad0000 - 0x00007ffd8732c000 	C:\WINDOWS\System32\SHELL32.dll
0x00007ffd87490000 - 0x00007ffd874ee000 	C:\WINDOWS\System32\SHLWAPI.dll
0x00007ffd857c0000 - 0x00007ffd857ca000 	C:\WINDOWS\SYSTEM32\VERSION.dll
0x00007ffd82720000 - 0x00007ffd8272c000 	C:\Users\imwan\OneDrive\Desktop\Jelly Android\android-studio-2023.3.1.18-windows\android-studio\jbr\bin\vcruntime140_1.dll
0x00007ffd2f0a0000 - 0x00007ffd2f12d000 	C:\Users\imwan\OneDrive\Desktop\Jelly Android\android-studio-2023.3.1.18-windows\android-studio\jbr\bin\msvcp140.dll
0x00007ffd39a40000 - 0x00007ffd3a6c3000 	C:\Users\imwan\OneDrive\Desktop\Jelly Android\android-studio-2023.3.1.18-windows\android-studio\jbr\bin\server\jvm.dll
0x00007ffd857d0000 - 0x00007ffd8581d000 	C:\WINDOWS\SYSTEM32\POWRPROF.dll
0x00007ffd7d670000 - 0x00007ffd7d6a4000 	C:\WINDOWS\SYSTEM32\WINMM.dll
0x00007ffd69df0000 - 0x00007ffd69df9000 	C:\WINDOWS\SYSTEM32\WSOCK32.dll
0x00007ffd881e0000 - 0x00007ffd88251000 	C:\WINDOWS\System32\ws2_32.DLL
0x00007ffd85790000 - 0x00007ffd857a3000 	C:\WINDOWS\SYSTEM32\UMPDC.dll
0x00007ffd84b80000 - 0x00007ffd84b98000 	C:\WINDOWS\SYSTEM32\kernel.appcore.dll
0x00007ffd6a470000 - 0x00007ffd6a47a000 	C:\Users\imwan\OneDrive\Desktop\Jelly Android\android-studio-2023.3.1.18-windows\android-studio\jbr\bin\jimage.dll
0x00007ffd7bc30000 - 0x00007ffd7be62000 	C:\WINDOWS\SYSTEM32\DBGHELP.DLL
0x00007ffd88260000 - 0x00007ffd885e8000 	C:\WINDOWS\System32\combase.dll
0x00007ffd869d0000 - 0x00007ffd86aa7000 	C:\WINDOWS\System32\OLEAUT32.dll
0x00007ffd67390000 - 0x00007ffd673c2000 	C:\WINDOWS\SYSTEM32\dbgcore.DLL
0x00007ffd86550000 - 0x00007ffd865cb000 	C:\WINDOWS\System32\bcryptPrimitives.dll
0x00007ffd544d0000 - 0x00007ffd544de000 	C:\Users\imwan\OneDrive\Desktop\Jelly Android\android-studio-2023.3.1.18-windows\android-studio\jbr\bin\instrument.dll
0x00007ffd50b00000 - 0x00007ffd50b25000 	C:\Users\imwan\OneDrive\Desktop\Jelly Android\android-studio-2023.3.1.18-windows\android-studio\jbr\bin\java.dll
0x00007ffd4c710000 - 0x00007ffd4c728000 	C:\Users\imwan\OneDrive\Desktop\Jelly Android\android-studio-2023.3.1.18-windows\android-studio\jbr\bin\zip.dll
0x00007ffd83a70000 - 0x00007ffd84367000 	C:\WINDOWS\SYSTEM32\windows.storage.dll
0x00007ffd83930000 - 0x00007ffd83a6f000 	C:\WINDOWS\SYSTEM32\wintypes.dll
0x00007ffd86790000 - 0x00007ffd86884000 	C:\WINDOWS\System32\SHCORE.dll
0x00007ffd85af0000 - 0x00007ffd85b11000 	C:\WINDOWS\SYSTEM32\profapi.dll
0x00007ffd4b9c0000 - 0x00007ffd4b9d9000 	C:\Users\imwan\OneDrive\Desktop\Jelly Android\android-studio-2023.3.1.18-windows\android-studio\jbr\bin\net.dll
0x00007ffd7dc60000 - 0x00007ffd7dd96000 	C:\WINDOWS\SYSTEM32\WINHTTP.dll
0x00007ffd84ff0000 - 0x00007ffd85059000 	C:\WINDOWS\system32\mswsock.dll
0x00007ffd4b9a0000 - 0x00007ffd4b9b6000 	C:\Users\imwan\OneDrive\Desktop\Jelly Android\android-studio-2023.3.1.18-windows\android-studio\jbr\bin\nio.dll
0x00007ffd80760000 - 0x00007ffd80770000 	C:\Users\imwan\OneDrive\Desktop\Jelly Android\android-studio-2023.3.1.18-windows\android-studio\jbr\bin\verify.dll
0x00007ffd36790000 - 0x00007ffd367b7000 	C:\Users\imwan\.gradle\native\c067742578af261105cb4f569cf0c3c89f3d7b1fecec35dd04571415982c5e48\windows-amd64\native-platform.dll
0x00007ffd2ef50000 - 0x00007ffd2f094000 	C:\Users\imwan\.gradle\native\38dada09dfb8b06ba9b0570ebf7e218e3eb74d4ef43ca46872605cf95ebc2f47\windows-amd64\native-platform-file-events.dll
0x00007ffd5d930000 - 0x00007ffd5d939000 	C:\Users\imwan\OneDrive\Desktop\Jelly Android\android-studio-2023.3.1.18-windows\android-studio\jbr\bin\management.dll
0x00007ffd5d920000 - 0x00007ffd5d92b000 	C:\Users\imwan\OneDrive\Desktop\Jelly Android\android-studio-2023.3.1.18-windows\android-studio\jbr\bin\management_ext.dll
0x00007ffd86780000 - 0x00007ffd86788000 	C:\WINDOWS\System32\PSAPI.DLL
0x00007ffd85250000 - 0x00007ffd8526b000 	C:\WINDOWS\SYSTEM32\CRYPTSP.dll
0x00007ffd84ae0000 - 0x00007ffd84b15000 	C:\WINDOWS\system32\rsaenh.dll
0x00007ffd850f0000 - 0x00007ffd85118000 	C:\WINDOWS\SYSTEM32\USERENV.dll
0x00007ffd85590000 - 0x00007ffd8559c000 	C:\WINDOWS\SYSTEM32\CRYPTBASE.dll
0x00007ffd845d0000 - 0x00007ffd845fd000 	C:\WINDOWS\SYSTEM32\IPHLPAPI.DLL
0x00007ffd881c0000 - 0x00007ffd881c9000 	C:\WINDOWS\System32\NSI.dll
0x00007ffd7d960000 - 0x00007ffd7d979000 	C:\WINDOWS\SYSTEM32\dhcpcsvc6.DLL
0x00007ffd7d8d0000 - 0x00007ffd7d8ef000 	C:\WINDOWS\SYSTEM32\dhcpcsvc.DLL
0x00007ffd84600000 - 0x00007ffd846f8000 	C:\WINDOWS\SYSTEM32\DNSAPI.dll
0x00007ffd6a010000 - 0x00007ffd6a019000 	C:\Users\imwan\OneDrive\Desktop\Jelly Android\android-studio-2023.3.1.18-windows\android-studio\jbr\bin\extnet.dll
0x00007ffd5e6a0000 - 0x00007ffd5e6a8000 	C:\WINDOWS\system32\wshunix.dll

dbghelp: loaded successfully - version: 4.0.5 - missing functions: none
symbol engine: initialized successfully - sym options: 0x614 - pdb path: .;C:\Users\imwan\OneDrive\Desktop\Jelly Android\android-studio-2023.3.1.18-windows\android-studio\jbr\bin;C:\WINDOWS\SYSTEM32;C:\WINDOWS\WinSxS\amd64_microsoft.windows.common-controls_6595b64144ccf1df_6.0.22621.3672_none_2713b9d173822955;C:\Program Files (x86)\360\Total Security\safemon;C:\Users\imwan\OneDrive\Desktop\Jelly Android\android-studio-2023.3.1.18-windows\android-studio\jbr\bin\server;C:\Users\imwan\.gradle\native\c067742578af261105cb4f569cf0c3c89f3d7b1fecec35dd04571415982c5e48\windows-amd64;C:\Users\imwan\.gradle\native\38dada09dfb8b06ba9b0570ebf7e218e3eb74d4ef43ca46872605cf95ebc2f47\windows-amd64

VM Arguments:
jvm_args: --add-opens=java.base/java.util=ALL-UNNAMED --add-opens=java.base/java.lang=ALL-UNNAMED --add-opens=java.base/java.lang.invoke=ALL-UNNAMED --add-opens=java.prefs/java.util.prefs=ALL-UNNAMED --add-opens=java.base/java.nio.charset=ALL-UNNAMED --add-opens=java.base/java.net=ALL-UNNAMED --add-opens=java.base/java.util.concurrent.atomic=ALL-UNNAMED -Xmx2048m -Dfile.encoding=UTF-8 -Duser.country=US -Duser.language=en -Duser.variant -javaagent:C:\Users\imwan\.gradle\wrapper\dists\gradle-8.6-bin\afr5mpiioh2wthjmwnkmdsd5w\gradle-8.6\lib\agents\gradle-instrumentation-agent-8.6.jar 
java_command: org.gradle.launcher.daemon.bootstrap.GradleDaemon 8.6
java_class_path (initial): C:\Users\imwan\.gradle\wrapper\dists\gradle-8.6-bin\afr5mpiioh2wthjmwnkmdsd5w\gradle-8.6\lib\gradle-launcher-8.6.jar
Launcher Type: SUN_STANDARD

[Global flags]
     intx CICompilerCount                          = 12                                        {product} {ergonomic}
     uint ConcGCThreads                            = 3                                         {product} {ergonomic}
     uint G1ConcRefinementThreads                  = 13                                        {product} {ergonomic}
   size_t G1HeapRegionSize                         = 1048576                                   {product} {ergonomic}
    uintx GCDrainStackTargetSize                   = 64                                        {product} {ergonomic}
   size_t InitialHeapSize                          = 56623104                                  {product} {ergonomic}
   size_t MarkStackSize                            = 4194304                                   {product} {ergonomic}
   size_t MaxHeapSize                              = 2147483648                                {product} {command line}
   size_t MaxNewSize                               = 1287651328                                {product} {ergonomic}
   size_t MinHeapDeltaBytes                        = 1048576                                   {product} {ergonomic}
   size_t MinHeapSize                              = 8388608                                   {product} {ergonomic}
    uintx NonNMethodCodeHeapSize                   = 7602480                                {pd product} {ergonomic}
    uintx NonProfiledCodeHeapSize                  = 122027880                              {pd product} {ergonomic}
    uintx ProfiledCodeHeapSize                     = 122027880                              {pd product} {ergonomic}
    uintx ReservedCodeCacheSize                    = 251658240                              {pd product} {ergonomic}
     bool SegmentedCodeCache                       = true                                      {product} {ergonomic}
   size_t SoftMaxHeapSize                          = 2147483648                             {manageable} {ergonomic}
     bool UseCompressedClassPointers               = true                           {product lp64_product} {ergonomic}
     bool UseCompressedOops                        = true                           {product lp64_product} {ergonomic}
     bool UseG1GC                                  = true                                      {product} {ergonomic}
     bool UseLargePagesIndividualAllocation        = false                                  {pd product} {ergonomic}

Logging:
Log output configuration:
 #0: stdout all=warning uptime,level,tags
 #1: stderr all=off uptime,level,tags

Environment Variables:
PATH=C:\Program Files\Common Files\Oracle\Java\javapath;C:\WINDOWS\system32;C:\WINDOWS;C:\WINDOWS\System32\Wbem;C:\WINDOWS\System32\WindowsPowerShell\v1.0\;C:\WINDOWS\System32\OpenSSH\;C:\Program Files\HP\HP One Agent;C:\Program Files\Java\jdk-17\bin;C:\Program Files\dotnet\;C:\Program Files\Git\cmd;C:\Program Files\MySQL\MySQL Shell 8.0\bin\;C:\Users\imwan\AppData\Local\Microsoft\WindowsApps;C:\Users\imwan\AppData\Local\Programs\Microsoft VS Code\bin;C:\Users\imwan\AppData\Local\GitHubDesktop\bin
USERNAME=imwan
OS=Windows_NT
PROCESSOR_IDENTIFIER=AMD64 Family 23 Model 104 Stepping 1, AuthenticAMD
TMP=C:\Users\imwan\AppData\Local\Temp
TEMP=C:\Users\imwan\AppData\Local\Temp



Periodic native trim disabled

JNI global refs:
JNI global refs: 34, weak refs: 0

JNI global refs memory usage: 843, weak refs: 841

OOME stack traces (most recent first):
Classloader memory used:
Loader org.gradle.internal.classloader.VisitableURLClassLoader                         : 3531K
Loader bootstrap                                                                       : 2472K
Loader org.gradle.initialization.MixInLegacyTypesClassLoader                           : 1124K
Loader org.gradle.internal.classloader.VisitableURLClassLoader$InstrumentingVisitableURLClassLoader: 235K
Loader jdk.internal.loader.ClassLoaders$PlatformClassLoader                            : 65936B
Loader jdk.internal.loader.ClassLoaders$AppClassLoader                                 : 28739B
Loader jdk.internal.reflect.DelegatingClassLoader                                      : 21782B
Loader org.gradle.internal.classloader.VisitableURLClassLoader                         : 9605B

Classes loaded by more than one classloader:
Class Program                                                                         : loaded 4 times (x 72B)
Class com.google.common.collect.SingletonImmutableList                                : loaded 2 times (x 167B)
Class org.gradle.internal.classpath.ClassPath                                         : loaded 2 times (x 68B)
Class org.gradle.api.internal.classpath.DefaultModuleRegistry                         : loaded 2 times (x 84B)
Class Settings_gradle$1$1                                                             : loaded 2 times (x 72B)
Class com.google.common.collect.ListMultimap                                          : loaded 2 times (x 68B)
Class com.google.common.base.CharMatcher$JavaDigit                                    : loaded 2 times (x 109B)
Class com.google.common.base.CharMatcher$Digit                                        : loaded 2 times (x 110B)
Class com.google.common.collect.AbstractMultimap                                      : loaded 2 times (x 121B)
Class org.gradle.api.Action                                                           : loaded 2 times (x 68B)
Class com.google.common.collect.ImmutableEntry                                        : loaded 2 times (x 80B)
Class com.google.common.collect.Lists$StringAsImmutableList                           : loaded 2 times (x 167B)
Class com.google.common.base.CharMatcher                                              : loaded 2 times (x 109B)
Class com.google.common.base.CharMatcher$IsNot                                        : loaded 2 times (x 109B)
Class com.google.common.base.Splitter                                                 : loaded 2 times (x 70B)
Class org.gradle.api.internal.DefaultClassPathProvider                                : loaded 2 times (x 74B)
Class org.gradle.internal.installation.GradleInstallation$1                           : loaded 2 times (x 73B)
Class com.google.common.base.CharMatcher$BitSetMatcher                                : loaded 2 times (x 110B)
Class com.google.common.collect.ImmutableMap$IteratorBasedImmutableMap                : loaded 2 times (x 123B)
Class com.google.common.collect.ImmutableMap                                          : loaded 2 times (x 118B)
Class com.google.common.base.Converter                                                : loaded 2 times (x 88B)
Class com.google.common.base.Predicate                                                : loaded 2 times (x 68B)
Class org.gradle.internal.classloader.FilteringClassLoader                            : loaded 2 times (x 103B)
Class com.google.common.collect.RegularImmutableSet                                   : loaded 2 times (x 146B)
Class org.gradle.internal.classpath.DefaultClassPath$ImmutableUniqueList$Builder      : loaded 2 times (x 73B)
Class com.google.common.collect.Maps$8                                                : loaded 2 times (x 80B)
Class com.google.common.base.PatternCompiler                                          : loaded 2 times (x 68B)
Class com.google.common.base.CharMatcher$InRange                                      : loaded 2 times (x 109B)
Class com.google.common.collect.BiMap                                                 : loaded 2 times (x 68B)
Class com.google.common.collect.Lists                                                 : loaded 2 times (x 69B)
Class org.gradle.internal.classloader.ClassLoaderVisitor                              : loaded 2 times (x 74B)
Class org.gradle.internal.service.DefaultServiceLocator                               : loaded 2 times (x 81B)
Class org.gradle.internal.service.UnknownServiceException                             : loaded 2 times (x 81B)
Class com.google.common.collect.ArrayListMultimap                                     : loaded 2 times (x 170B)
Class com.google.common.base.Strings                                                  : loaded 2 times (x 69B)
Class org.gradle.internal.classloader.DefaultClassLoaderFactory                       : loaded 2 times (x 80B)
Class com.google.common.collect.UnmodifiableIterator                                  : loaded 2 times (x 78B)
Class com.google.common.base.Platform$JdkPatternCompiler                              : loaded 2 times (x 73B)
Class com.google.common.base.CharMatcher$SingleWidth                                  : loaded 2 times (x 110B)
Class com.google.common.base.JdkPattern                                               : loaded 2 times (x 73B)
Class com.google.common.collect.Multimap                                              : loaded 2 times (x 68B)
Class org.gradle.internal.classloader.VisitableURLClassLoader$Spec                    : loaded 2 times (x 72B)
Class org.gradle.api.GradleException                                                  : loaded 2 times (x 80B)
Class com.google.common.base.CharMatcher$JavaLetterOrDigit                            : loaded 2 times (x 109B)
Class org.gradle.api.internal.classpath.ModuleRegistry                                : loaded 2 times (x 68B)
Class com.google.common.collect.ImmutableCollection                                   : loaded 2 times (x 123B)
Class org.gradle.api.internal.ClassPathProvider                                       : loaded 2 times (x 68B)
Class com.google.common.collect.RegularImmutableMap$Values                            : loaded 2 times (x 167B)
Class org.gradle.internal.classloader.ClasspathUtil$1                                 : loaded 2 times (x 74B)
Class com.google.common.collect.ImmutableEnumMap                                      : loaded 2 times (x 123B)
Class com.google.common.collect.ImmutableList$ReverseImmutableList                    : loaded 2 times (x 168B)
Class org.gradle.internal.classloader.ClassLoaderFactory                              : loaded 2 times (x 68B)
Class com.google.common.collect.ObjectArrays                                          : loaded 2 times (x 69B)
Class com.google.common.collect.ImmutableList                                         : loaded 2 times (x 166B)
Class org.gradle.api.internal.classpath.ManifestUtil                                  : loaded 2 times (x 69B)
Class org.gradle.api.specs.Spec                                                       : loaded 2 times (x 68B)
Class com.google.common.base.CharMatcher$Whitespace                                   : loaded 2 times (x 110B)
Class com.google.common.collect.RegularImmutableMap$BucketOverflowException           : loaded 2 times (x 80B)
Class com.google.common.base.Preconditions                                            : loaded 2 times (x 69B)
Class com.google.common.base.Function                                                 : loaded 2 times (x 68B)
Class org.gradle.internal.IoActions                                                   : loaded 2 times (x 69B)
Class com.google.common.collect.RegularImmutableMap$KeySet                            : loaded 2 times (x 148B)
Class com.google.common.collect.CollectPreconditions                                  : loaded 2 times (x 69B)
Class com.google.common.collect.Maps                                                  : loaded 2 times (x 69B)
Class com.google.common.collect.RegularImmutableMap                                   : loaded 2 times (x 119B)
Class com.google.common.collect.AbstractIndexedListIterator                           : loaded 2 times (x 94B)
Class com.google.common.base.CharMatcher$None                                         : loaded 2 times (x 110B)
Class org.gradle.api.internal.classpath.EffectiveClassPath                            : loaded 2 times (x 88B)
Class com.google.common.collect.UnmodifiableListIterator                              : loaded 2 times (x 93B)
Class com.google.common.collect.ImmutableList$1                                       : loaded 2 times (x 95B)
Class com.google.common.base.Splitter$Strategy                                        : loaded 2 times (x 68B)
Class com.google.common.collect.ImmutableMapEntrySet$RegularEntrySet                  : loaded 2 times (x 149B)
Class org.gradle.internal.installation.CurrentGradleInstallation                      : loaded 2 times (x 71B)
Class org.gradle.internal.agents.InstrumentingClassLoader                             : loaded 2 times (x 68B)
Class org.gradle.internal.installation.CurrentGradleInstallationLocator               : loaded 2 times (x 69B)
Class org.gradle.api.internal.classpath.Module                                        : loaded 2 times (x 68B)
Class com.google.common.base.Splitter$1$1                                             : loaded 2 times (x 84B)
Class com.google.common.collect.ImmutableSet$JdkBackedSetBuilderImpl                  : loaded 2 times (x 74B)
Class com.google.common.collect.ImmutableSet$RegularSetBuilderImpl                    : loaded 2 times (x 75B)
Class org.gradle.internal.service.CachingServiceLocator                               : loaded 2 times (x 80B)
Class org.gradle.internal.classpath.DefaultClassPath                                  : loaded 2 times (x 88B)
Class com.google.common.base.Splitter$SplittingIterator                               : loaded 2 times (x 82B)
Class Build_gradle$1                                                                  : loaded 2 times (x 76B)
Class com.google.common.base.CharMatcher$Is                                           : loaded 2 times (x 109B)
Class com.google.common.base.Platform                                                 : loaded 2 times (x 69B)
Class com.google.common.collect.RegularImmutableAsList                                : loaded 2 times (x 176B)
Class com.google.common.collect.ImmutableMapEntrySet                                  : loaded 2 times (x 149B)
Class com.google.common.collect.ImmutableBiMapFauxverideShim                          : loaded 2 times (x 118B)
Class org.gradle.internal.classloader.SystemClassLoaderSpec                           : loaded 2 times (x 69B)
Class com.google.common.collect.SingletonImmutableSet                                 : loaded 2 times (x 144B)
Class [Lcom.google.common.base.AbstractIterator$State;                                : loaded 2 times (x 67B)
Class com.google.common.collect.ImmutableMap$Builder                                  : loaded 2 times (x 80B)
Class com.google.common.base.AbstractIterator                                         : loaded 2 times (x 78B)
Class com.google.common.base.AbstractIterator$1                                       : loaded 2 times (x 69B)
Class com.google.common.base.CharMatcher$Ascii                                        : loaded 2 times (x 110B)
Class com.google.common.base.CharMatcher$1                                            : loaded 2 times (x 111B)
Class org.gradle.api.UncheckedIOException                                             : loaded 2 times (x 80B)
Class com.google.common.base.CharMatcher$And                                          : loaded 2 times (x 110B)
Class com.google.common.collect.IndexedImmutableSet                                   : loaded 2 times (x 148B)
Class com.google.common.collect.AbstractListMultimap                                  : loaded 2 times (x 170B)
Class com.google.common.base.CharMatcher$Any                                          : loaded 2 times (x 110B)
Class org.gradle.internal.installation.GradleInstallation                             : loaded 2 times (x 73B)
Class com.google.common.collect.ArrayListMultimapGwtSerializationDependencies         : loaded 2 times (x 170B)
Class com.google.common.base.CharMatcher$RangesMatcher                                : loaded 2 times (x 110B)
Class com.google.common.collect.ImmutableList$SubList                                 : loaded 2 times (x 168B)
Class org.gradle.internal.classloader.ClasspathUtil                                   : loaded 2 times (x 69B)
Class com.google.common.base.Splitter$1                                               : loaded 2 times (x 75B)
Class com.google.common.collect.Maps$BiMapConverter                                   : loaded 2 times (x 88B)
Class org.gradle.api.internal.DefaultClassPathRegistry                                : loaded 2 times (x 74B)
Class com.google.common.collect.ImmutableSet$SetBuilderImpl                           : loaded 2 times (x 74B)
Class org.gradle.api.internal.classpath.DefaultModuleRegistry$DefaultModule           : loaded 2 times (x 84B)
Class com.google.common.base.CharMatcher$JavaIsoControl                               : loaded 2 times (x 110B)
Class com.google.common.collect.ImmutableMap$1                                        : loaded 2 times (x 79B)
Class com.google.common.base.CharMatcher$Or                                           : loaded 2 times (x 110B)
Class org.gradle.kotlin.dsl.VersionCatalogAccessorsKt                                 : loaded 2 times (x 69B)
Class com.google.common.collect.Iterables                                             : loaded 2 times (x 69B)
Class com.google.common.base.CharMatcher$JavaLowerCase                                : loaded 2 times (x 109B)
Class org.gradle.api.internal.classpath.UnknownModuleException                        : loaded 2 times (x 80B)
Class com.google.common.collect.Maps$EntryTransformer                                 : loaded 2 times (x 68B)
Class com.google.common.collect.ImmutableCollection$Builder                           : loaded 2 times (x 74B)
Class com.google.common.base.CommonPattern                                            : loaded 2 times (x 72B)
Class org.gradle.internal.service.ServiceLookupException                              : loaded 2 times (x 80B)
Class org.gradle.cache.GlobalCache                                                    : loaded 2 times (x 68B)
Class com.google.common.base.CharMatcher$NegatedFastMatcher                           : loaded 2 times (x 111B)
Class [Lorg.gradle.api.internal.ClassPathProvider;                                    : loaded 2 times (x 67B)
Class org.gradle.util.internal.GUtil                                                  : loaded 2 times (x 69B)
Class org.gradle.internal.classloader.ClassLoaderSpec                                 : loaded 2 times (x 69B)
Class com.google.common.base.NullnessCasts                                            : loaded 2 times (x 69B)
Class com.google.common.collect.AbstractMapEntry                                      : loaded 2 times (x 79B)
Class com.google.common.base.CharMatcher$Negated                                      : loaded 2 times (x 111B)
Class com.google.common.collect.ImmutableSet$Builder                                  : loaded 2 times (x 83B)
Class com.google.common.base.CharMatcher$ForPredicate                                 : loaded 2 times (x 110B)
Class com.google.common.collect.ImmutableMap$MapViewOfValuesAsSingletonSets           : loaded 2 times (x 123B)
Class com.google.common.collect.SortedMapDifference                                   : loaded 2 times (x 68B)
Class org.gradle.internal.classloader.VisitableURLClassLoader                         : loaded 2 times (x 115B)
Class com.google.common.collect.ImmutableBiMap                                        : loaded 2 times (x 141B)
Class org.gradle.internal.Cast                                                        : loaded 2 times (x 69B)
Class Build_gradle                                                                    : loaded 2 times (x 70B)
Class org.gradle.api.internal.ClassPathRegistry                                       : loaded 2 times (x 68B)
Class com.google.common.collect.ImmutableSet                                          : loaded 2 times (x 143B)
Class org.gradle.internal.classloader.VisitableURLClassLoader$InstrumentingVisitableURLClassLoader: loaded 2 times (x 121B)
Class org.gradle.internal.classloader.ClassLoaderHierarchy                            : loaded 2 times (x 68B)
Class com.google.common.base.AbstractIterator$State                                   : loaded 2 times (x 77B)
Class com.google.common.base.CharMatcher$NamedFastMatcher                             : loaded 2 times (x 110B)
Class org.gradle.internal.InternalTransformer                                         : loaded 2 times (x 68B)
Class org.gradle.internal.service.ServiceLocator                                      : loaded 2 times (x 68B)
Class Settings_gradle$1                                                               : loaded 2 times (x 72B)
Class com.google.common.collect.ImmutableMapEntry                                     : loaded 2 times (x 83B)
Class com.google.common.base.CharMatcher$Invisible                                    : loaded 2 times (x 110B)
Class com.google.common.base.CharMatcher$FastMatcher                                  : loaded 2 times (x 109B)
Class org.gradle.internal.classpath.DefaultClassPath$ImmutableUniqueList              : loaded 2 times (x 159B)
Class com.google.common.base.CharMatcher$JavaLetter                                   : loaded 2 times (x 109B)
Class org.gradle.internal.classpath.TransformedClassPath                              : loaded 2 times (x 94B)
Class com.google.common.collect.MapDifference                                         : loaded 2 times (x 68B)
Class Settings_gradle                                                                 : loaded 2 times (x 126B)
Class com.google.common.collect.Platform                                              : loaded 2 times (x 69B)
Class com.google.common.collect.ImmutableAsList                                       : loaded 2 times (x 169B)
Class com.google.common.base.CharMatcher$AnyOf                                        : loaded 2 times (x 110B)
Class com.google.common.base.CharMatcher$IsEither                                     : loaded 2 times (x 109B)
Class com.google.common.collect.RegularImmutableList                                  : loaded 2 times (x 172B)
Class com.google.common.base.CharMatcher$JavaUpperCase                                : loaded 2 times (x 109B)
Class com.google.common.collect.Multiset                                              : loaded 2 times (x 68B)
Class com.google.common.collect.ImmutableSet$CachingAsList                            : loaded 2 times (x 145B)
Class com.google.common.collect.ImmutableMapEntry$NonTerminalImmutableMapEntry        : loaded 2 times (x 83B)
Class com.google.common.collect.AbstractMapBasedMultimap                              : loaded 2 times (x 137B)


---------------  S Y S T E M  ---------------

OS:
 Windows 11 , 64 bit Build 22621 (10.0.22621.3672)
OS uptime: 2 days 4:21 hours
Hyper-V role detected

CPU: total 16 (initial active 16) (16 cores per cpu, 2 threads per core) family 23 model 104 stepping 1 microcode 0x0, cx8, cmov, fxsr, ht, mmx, 3dnowpref, sse, sse2, sse3, ssse3, sse4a, sse4.1, sse4.2, popcnt, lzcnt, tsc, tscinvbit, avx, avx2, aes, clmul, bmi1, bmi2, adx, sha, fma, vzeroupper, clflush, clflushopt, hv
Processor Information for all 16 processors :
  Max Mhz: 1801, Current Mhz: 1801, Mhz Limit: 1801

Memory: 4k page, system-wide physical 3405M (674M free)
TotalPageFile size 13645M (AvailPageFile size 5M)
current process WorkingSet (physical memory assigned to process): 268M, peak: 272M
current process commit charge ("private bytes"): 348M, peak: 349M

vm_info: OpenJDK 64-Bit Server VM (17.0.10+0--11572160) for windows-amd64 JRE (17.0.10+0--11572160), built on Mar 13 2024 23:56:38 by "androidbuild" with MS VC++ 16.10 / 16.11 (VS2019)

END.
