#
# There is insufficient memory for the Java Runtime Environment to continue.
# Native memory allocation (mmap) failed to map 52428800 bytes for G1 virtual space
# Possible reasons:
#   The system is out of physical RAM or swap space
#   The process is running with CompressedOops enabled, and the Java Heap may be blocking the growth of the native heap
# Possible solutions:
#   Reduce memory load on the system
#   Increase physical memory or swap space
#   Check if swap backing store is full
#   Decrease Java heap size (-Xmx/-Xms)
#   Decrease number of Java threads
#   Decrease Java thread stack sizes (-Xss)
#   Set larger code cache with -XX:ReservedCodeCacheSize=
#   JVM is running with Unscaled Compressed Oops mode in which the Java heap is
#     placed in the first 4GB address space. The Java Heap base address is the
#     maximum limit for the native heap growth. Please use -XX:HeapBaseMinAddress
#     to set the Java Heap base and to place the Java Heap above 4GB virtual address.
# This output file may be truncated or incomplete.
#
#  Out of Memory Error (os_windows.cpp:3825), pid=16388, tid=21200
#
# JRE version: OpenJDK Runtime Environment (17.0.10) (build 17.0.10+0--11572160)
# Java VM: OpenJDK 64-Bit Server VM (17.0.10+0--11572160, mixed mode, tiered, compressed oops, compressed class ptrs, g1 gc, windows-amd64)
# No core dump will be written. Minidumps are not enabled by default on client versions of Windows
#

---------------  S U M M A R Y ------------

Command Line: --add-opens=java.base/java.util=ALL-UNNAMED --add-opens=java.base/java.lang=ALL-UNNAMED --add-opens=java.base/java.lang.invoke=ALL-UNNAMED --add-opens=java.prefs/java.util.prefs=ALL-UNNAMED --add-opens=java.base/java.nio.charset=ALL-UNNAMED --add-opens=java.base/java.net=ALL-UNNAMED --add-opens=java.base/java.util.concurrent.atomic=ALL-UNNAMED -Xmx2048m -Dfile.encoding=UTF-8 -Duser.country=US -Duser.language=en -Duser.variant -javaagent:C:\Users\imwan\.gradle\wrapper\dists\gradle-8.6-bin\afr5mpiioh2wthjmwnkmdsd5w\gradle-8.6\lib\agents\gradle-instrumentation-agent-8.6.jar org.gradle.launcher.daemon.bootstrap.GradleDaemon 8.6

Host: AMD Ryzen 7 5700U with Radeon Graphics         , 16 cores, 3G,  Windows 11 , 64 bit Build 22621 (10.0.22621.3672)
Time: Tue Jun 11 02:36:51 2024 India Standard Time elapsed time: 10.104627 seconds (0d 0h 0m 10s)

---------------  T H R E A D  ---------------

Current thread (0x00000279c2285c10):  VMThread "VM Thread" [stack: 0x000000b471e00000,0x000000b471f00000] [id=21200]

Stack: [0x000000b471e00000,0x000000b471f00000]
Native frames: (J=compiled Java code, j=interpreted, Vv=VM code, C=native code)
V  [jvm.dll+0x688e89]
V  [jvm.dll+0x84247a]
V  [jvm.dll+0x8440be]
V  [jvm.dll+0x844723]
V  [jvm.dll+0x24be0f]
V  [jvm.dll+0x685c59]
V  [jvm.dll+0x67a50a]
V  [jvm.dll+0x30cbab]
V  [jvm.dll+0x314056]
V  [jvm.dll+0x363dce]
V  [jvm.dll+0x363fff]
V  [jvm.dll+0x2e2978]
V  [jvm.dll+0x2e0b54]
V  [jvm.dll+0x2e015c]
V  [jvm.dll+0x325351]
V  [jvm.dll+0x848e1b]
V  [jvm.dll+0x849b61]
V  [jvm.dll+0x84a07d]
V  [jvm.dll+0x84a454]
V  [jvm.dll+0x84a520]
V  [jvm.dll+0x7f0d1a]
V  [jvm.dll+0x687d05]
C  [ucrtbase.dll+0x29333]
C  [KERNEL32.DLL+0x1257d]
C  [ntdll.dll+0x5aa48]

VM_Operation (0x000000b4739f1270): G1TryInitiateConcMark, mode: safepoint, requested by thread 0x00000279c88ef580


---------------  P R O C E S S  ---------------

Threads class SMR info:
_java_thread_list=0x00000279c8a5cef0, length=56, elements={
0x00000279a7cebc10, 0x00000279c2268490, 0x00000279c2269020, 0x00000279c227f250,
0x00000279c227ff20, 0x00000279c2835420, 0x00000279c2835cf0, 0x00000279c28369a0,
0x00000279c2839370, 0x00000279c283bc90, 0x00000279c220ae00, 0x00000279c2a9bd60,
0x00000279c87c5050, 0x00000279c86baba0, 0x00000279c87c6550, 0x00000279c8681230,
0x00000279c8cb4db0, 0x00000279c8982e10, 0x00000279c88ef580, 0x00000279c8910a80,
0x00000279c8910060, 0x00000279c8910570, 0x00000279c8bb3970, 0x00000279c8bb3460,
0x00000279c8bb6700, 0x00000279c8bb3e80, 0x00000279c8bb7630, 0x00000279c8bb10f0,
0x00000279c8bb2020, 0x00000279c8bb6c10, 0x00000279c8bb8a70, 0x00000279c8bb7b40,
0x00000279c8bb2a40, 0x00000279c8bb8050, 0x00000279c8bb1600, 0x00000279c8bb2f50,
0x00000279c8bb52c0, 0x00000279c8bb57d0, 0x00000279ca676e80, 0x00000279ca675f50,
0x00000279ca675a40, 0x00000279ca674600, 0x00000279ca676460, 0x00000279ca676970,
0x00000279ca673be0, 0x00000279ca675020, 0x00000279ca6736d0, 0x00000279ca6740f0,
0x00000279ca674b10, 0x00000279ca655510, 0x00000279ca657d90, 0x00000279ca65ab20,
0x00000279ca6587b0, 0x00000279ca6545e0, 0x00000279ca657370, 0x00000279ca657880
}

Java Threads: ( => current thread )
  0x00000279a7cebc10 JavaThread "main" [_thread_blocked, id=15276, stack(0x000000b471800000,0x000000b471900000)]
  0x00000279c2268490 JavaThread "Reference Handler" daemon [_thread_blocked, id=20420, stack(0x000000b471f00000,0x000000b472000000)]
  0x00000279c2269020 JavaThread "Finalizer" daemon [_thread_blocked, id=9068, stack(0x000000b472000000,0x000000b472100000)]
  0x00000279c227f250 JavaThread "Signal Dispatcher" daemon [_thread_blocked, id=6432, stack(0x000000b472100000,0x000000b472200000)]
  0x00000279c227ff20 JavaThread "Attach Listener" daemon [_thread_blocked, id=17036, stack(0x000000b472200000,0x000000b472300000)]
  0x00000279c2835420 JavaThread "Service Thread" daemon [_thread_blocked, id=9788, stack(0x000000b472300000,0x000000b472400000)]
  0x00000279c2835cf0 JavaThread "Monitor Deflation Thread" daemon [_thread_blocked, id=3660, stack(0x000000b472400000,0x000000b472500000)]
  0x00000279c28369a0 JavaThread "C2 CompilerThread0" daemon [_thread_blocked, id=2576, stack(0x000000b472500000,0x000000b472600000)]
  0x00000279c2839370 JavaThread "C1 CompilerThread0" daemon [_thread_blocked, id=19792, stack(0x000000b472600000,0x000000b472700000)]
  0x00000279c283bc90 JavaThread "Sweeper thread" daemon [_thread_blocked, id=3388, stack(0x000000b472700000,0x000000b472800000)]
  0x00000279c220ae00 JavaThread "Common-Cleaner" daemon [_thread_blocked, id=15364, stack(0x000000b472800000,0x000000b472900000)]
  0x00000279c2a9bd60 JavaThread "Notification Thread" daemon [_thread_blocked, id=11448, stack(0x000000b472900000,0x000000b472a00000)]
  0x00000279c87c5050 JavaThread "Daemon health stats" [_thread_blocked, id=19396, stack(0x000000b472f00000,0x000000b473000000)]
  0x00000279c86baba0 JavaThread "Incoming local TCP Connector on port 58359" [_thread_in_native, id=7480, stack(0x000000b473400000,0x000000b473500000)]
  0x00000279c87c6550 JavaThread "Daemon periodic checks" [_thread_blocked, id=25216, stack(0x000000b473500000,0x000000b473600000)]
  0x00000279c8681230 JavaThread "Daemon" [_thread_blocked, id=19812, stack(0x000000b473600000,0x000000b473700000)]
  0x00000279c8cb4db0 JavaThread "Handler for socket connection from /127.0.0.1:58359 to /127.0.0.1:58361" [_thread_in_native, id=6536, stack(0x000000b473700000,0x000000b473800000)]
  0x00000279c8982e10 JavaThread "Cancel handler" [_thread_blocked, id=8344, stack(0x000000b473800000,0x000000b473900000)]
  0x00000279c88ef580 JavaThread "Daemon worker" [_thread_blocked, id=11188, stack(0x000000b473900000,0x000000b473a00000)]
  0x00000279c8910a80 JavaThread "Asynchronous log dispatcher for DefaultDaemonConnection: socket connection from /127.0.0.1:58359 to /127.0.0.1:58361" [_thread_blocked, id=16472, stack(0x000000b473a00000,0x000000b473b00000)]
  0x00000279c8910060 JavaThread "Stdin handler" [_thread_blocked, id=5144, stack(0x000000b473b00000,0x000000b473c00000)]
  0x00000279c8910570 JavaThread "Daemon client event forwarder" [_thread_blocked, id=6884, stack(0x000000b473c00000,0x000000b473d00000)]
  0x00000279c8bb3970 JavaThread "Cache worker for journal cache (C:\Users\imwan\.gradle\caches\journal-1)" [_thread_blocked, id=15572, stack(0x000000b474300000,0x000000b474400000)]
  0x00000279c8bb3460 JavaThread "File lock request listener" [_thread_in_native, id=21576, stack(0x000000b474400000,0x000000b474500000)]
  0x00000279c8bb6700 JavaThread "Cache worker for file hash cache (C:\Users\imwan\.gradle\caches\8.6\fileHashes)" [_thread_blocked, id=6872, stack(0x000000b474500000,0x000000b474600000)]
  0x00000279c8bb3e80 JavaThread "File watcher server" daemon [_thread_blocked, id=13380, stack(0x000000b474600000,0x000000b474700000)]
  0x00000279c8bb7630 JavaThread "File watcher consumer" daemon [_thread_blocked, id=14724, stack(0x000000b474700000,0x000000b474800000)]
  0x00000279c8bb10f0 JavaThread "Cache worker for checksums cache (C:\Users\imwan\AndroidStudioProjects\RelativeLayout\.gradle\8.6\checksums)" [_thread_blocked, id=9748, stack(0x000000b474800000,0x000000b474900000)]
  0x00000279c8bb2020 JavaThread "Cache worker for file hash cache (C:\Users\imwan\AndroidStudioProjects\RelativeLayout\.gradle\8.6\fileHashes)" [_thread_blocked, id=18584, stack(0x000000b474900000,0x000000b474a00000)]
  0x00000279c8bb6c10 JavaThread "Cache worker for cache directory md-supplier (C:\Users\imwan\.gradle\caches\8.6\md-supplier)" [_thread_blocked, id=18616, stack(0x000000b474a00000,0x000000b474b00000)]
  0x00000279c8bb8a70 JavaThread "Cache worker for cache directory md-rule (C:\Users\imwan\.gradle\caches\8.6\md-rule)" [_thread_blocked, id=9840, stack(0x000000b474b00000,0x000000b474c00000)]
  0x00000279c8bb7b40 JavaThread "Cache worker for file content cache (C:\Users\imwan\.gradle\caches\8.6\fileContent)" [_thread_blocked, id=14856, stack(0x000000b474c00000,0x000000b474d00000)]
  0x00000279c8bb2a40 JavaThread "jar transforms" [_thread_blocked, id=20568, stack(0x000000b474d00000,0x000000b474e00000)]
  0x00000279c8bb8050 JavaThread "jar transforms Thread 2" [_thread_blocked, id=3820, stack(0x000000b474e00000,0x000000b474f00000)]
  0x00000279c8bb1600 JavaThread "jar transforms Thread 3" [_thread_blocked, id=17628, stack(0x000000b474f00000,0x000000b475000000)]
  0x00000279c8bb2f50 JavaThread "jar transforms Thread 4" [_thread_blocked, id=4292, stack(0x000000b475000000,0x000000b475100000)]
  0x00000279c8bb52c0 JavaThread "Cache worker for Build Output Cleanup Cache (C:\Users\imwan\AndroidStudioProjects\RelativeLayout\.gradle\buildOutputCleanup)" [_thread_blocked, id=18456, stack(0x000000b475100000,0x000000b475200000)]
  0x00000279c8bb57d0 JavaThread "jar transforms Thread 5" [_thread_blocked, id=25428, stack(0x000000b475200000,0x000000b475300000)]
  0x00000279ca676e80 JavaThread "jar transforms Thread 6" [_thread_blocked, id=11904, stack(0x000000b475300000,0x000000b475400000)]
  0x00000279ca675f50 JavaThread "Unconstrained build operations" [_thread_blocked, id=23484, stack(0x000000b475400000,0x000000b475500000)]
  0x00000279ca675a40 JavaThread "Unconstrained build operations Thread 2" [_thread_blocked, id=8528, stack(0x000000b475500000,0x000000b475600000)]
  0x00000279ca674600 JavaThread "Unconstrained build operations Thread 3" [_thread_blocked, id=860, stack(0x000000b475600000,0x000000b475700000)]
  0x00000279ca676460 JavaThread "Unconstrained build operations Thread 4" [_thread_blocked, id=12080, stack(0x000000b475700000,0x000000b475800000)]
  0x00000279ca676970 JavaThread "Unconstrained build operations Thread 5" [_thread_blocked, id=17556, stack(0x000000b475800000,0x000000b475900000)]
  0x00000279ca673be0 JavaThread "Unconstrained build operations Thread 6" [_thread_blocked, id=19128, stack(0x000000b475900000,0x000000b475a00000)]
  0x00000279ca675020 JavaThread "Unconstrained build operations Thread 7" [_thread_blocked, id=22744, stack(0x000000b475a00000,0x000000b475b00000)]
  0x00000279ca6736d0 JavaThread "Unconstrained build operations Thread 8" [_thread_blocked, id=17824, stack(0x000000b475b00000,0x000000b475c00000)]
  0x00000279ca6740f0 JavaThread "Unconstrained build operations Thread 9" [_thread_blocked, id=22620, stack(0x000000b475c00000,0x000000b475d00000)]
  0x00000279ca674b10 JavaThread "Unconstrained build operations Thread 10" [_thread_blocked, id=12296, stack(0x000000b475d00000,0x000000b475e00000)]
  0x00000279ca655510 JavaThread "Unconstrained build operations Thread 11" [_thread_blocked, id=21612, stack(0x000000b475e00000,0x000000b475f00000)]
  0x00000279ca657d90 JavaThread "Unconstrained build operations Thread 12" [_thread_blocked, id=22676, stack(0x000000b475f00000,0x000000b476000000)]
  0x00000279ca65ab20 JavaThread "Unconstrained build operations Thread 13" [_thread_blocked, id=12812, stack(0x000000b476000000,0x000000b476100000)]
  0x00000279ca6587b0 JavaThread "Unconstrained build operations Thread 14" [_thread_blocked, id=23516, stack(0x000000b476100000,0x000000b476200000)]
  0x00000279ca6545e0 JavaThread "Unconstrained build operations Thread 15" [_thread_blocked, id=2200, stack(0x000000b476200000,0x000000b476300000)]
  0x00000279ca657370 JavaThread "jar transforms Thread 7" [_thread_blocked, id=2208, stack(0x000000b476300000,0x000000b476400000)]
  0x00000279ca657880 JavaThread "jar transforms Thread 8" [_thread_blocked, id=23668, stack(0x000000b476400000,0x000000b476500000)]

Other Threads:
=>0x00000279c2285c10 VMThread "VM Thread" [stack: 0x000000b471e00000,0x000000b471f00000] [id=21200]
  0x00000279c2ae3420 WatcherThread [stack: 0x000000b472a00000,0x000000b472b00000] [id=13040]
  0x00000279a7d479c0 GCTaskThread "GC Thread#0" [stack: 0x000000b471900000,0x000000b471a00000] [id=17720]
  0x00000279c78a1b00 GCTaskThread "GC Thread#1" [stack: 0x000000b472b00000,0x000000b472c00000] [id=8424]
  0x00000279c7b5d6f0 GCTaskThread "GC Thread#2" [stack: 0x000000b472c00000,0x000000b472d00000] [id=7968]
  0x00000279c7c2f840 GCTaskThread "GC Thread#3" [stack: 0x000000b472d00000,0x000000b472e00000] [id=4620]
  0x00000279c763b290 GCTaskThread "GC Thread#4" [stack: 0x000000b472e00000,0x000000b472f00000] [id=21740]
  0x00000279c80de2f0 GCTaskThread "GC Thread#5" [stack: 0x000000b473000000,0x000000b473100000] [id=13612]
  0x00000279c80de5b0 GCTaskThread "GC Thread#6" [stack: 0x000000b473100000,0x000000b473200000] [id=7408]
  0x00000279c80df560 GCTaskThread "GC Thread#7" [stack: 0x000000b473200000,0x000000b473300000] [id=18116]
  0x00000279c80df820 GCTaskThread "GC Thread#8" [stack: 0x000000b473300000,0x000000b473400000] [id=7496]
  0x00000279c88b20a0 GCTaskThread "GC Thread#9" [stack: 0x000000b473d00000,0x000000b473e00000] [id=10052]
  0x00000279c88b2360 GCTaskThread "GC Thread#10" [stack: 0x000000b473e00000,0x000000b473f00000] [id=22588]
  0x00000279c88b2620 GCTaskThread "GC Thread#11" [stack: 0x000000b473f00000,0x000000b474000000] [id=25184]
  0x00000279c88b2ba0 GCTaskThread "GC Thread#12" [stack: 0x000000b474000000,0x000000b474100000] [id=13228]
  0x00000279a7d58910 ConcurrentGCThread "G1 Main Marker" [stack: 0x000000b471a00000,0x000000b471b00000] [id=14740]
  0x00000279a7d59330 ConcurrentGCThread "G1 Conc#0" [stack: 0x000000b471b00000,0x000000b471c00000] [id=4408]
  0x00000279c88b36a0 ConcurrentGCThread "G1 Conc#1" [stack: 0x000000b474100000,0x000000b474200000] [id=19716]
  0x00000279c88b1b20 ConcurrentGCThread "G1 Conc#2" [stack: 0x000000b474200000,0x000000b474300000] [id=21396]
  0x00000279c20d5700 ConcurrentGCThread "G1 Refine#0" [stack: 0x000000b471c00000,0x000000b471d00000] [id=21140]
  0x00000279c20d7140 ConcurrentGCThread "G1 Service" [stack: 0x000000b471d00000,0x000000b471e00000] [id=17716]

Threads with active compile tasks:

VM state: at safepoint (normal execution)

VM Mutex/Monitor currently owned by a thread:  ([mutex/lock_event])
[0x00000279a7ce6f60] Threads_lock - owner thread: 0x00000279c2285c10
[0x00000279a7ce6780] Heap_lock - owner thread: 0x00000279c88ef580

Heap address: 0x0000000080000000, size: 2048 MB, Compressed Oops mode: 32-bit

CDS archive(s) not mapped
Compressed class space mapped at: 0x0000000100000000-0x0000000140000000, reserved size: 1073741824
Narrow klass base: 0x0000000000000000, Narrow klass shift: 3, Narrow klass range: 0x140000000

GC Precious Log:
 CPUs: 16 total, 16 available
 Memory: 3405M
 Large Page Support: Disabled
 NUMA Support: Disabled
 Compressed Oops: Enabled (32-bit)
 Heap Region Size: 1M
 Heap Min Capacity: 8M
 Heap Initial Capacity: 54M
 Heap Max Capacity: 2G
 Pre-touch: Disabled
 Parallel Workers: 13
 Concurrent Workers: 3
 Concurrent Refinement Workers: 13
 Periodic GC: Disabled

Heap:
 garbage-first heap   total 96256K, used 62680K [0x0000000080000000, 0x0000000100000000)
  region size 1024K, 1 young (1024K), 1 survivors (1024K)
 Metaspace       used 58493K, committed 59072K, reserved 1114112K
  class space    used 8079K, committed 8384K, reserved 1048576K

Heap Regions: E=young(eden), S=young(survivor), O=old, HS=humongous(starts), HC=humongous(continues), CS=collection set, F=free, OA=open archive, CA=closed archive, TAMS=top-at-mark-start (previous, next)
|   0|0x0000000080000000, 0x0000000080100000, 0x0000000080100000|100%|HS|  |TAMS 0x0000000080100000, 0x0000000080100000| Complete 
|   1|0x0000000080100000, 0x0000000080200000, 0x0000000080200000|100%|HC|  |TAMS 0x0000000080200000, 0x0000000080200000| Complete 
|   2|0x0000000080200000, 0x0000000080300000, 0x0000000080300000|100%|HC|  |TAMS 0x0000000080300000, 0x0000000080300000| Complete 
|   3|0x0000000080300000, 0x0000000080400000, 0x0000000080400000|100%|HC|  |TAMS 0x0000000080400000, 0x0000000080400000| Complete 
|   4|0x0000000080400000, 0x0000000080500000, 0x0000000080500000|100%| O|  |TAMS 0x0000000080500000, 0x0000000080500000| Untracked 
|   5|0x0000000080500000, 0x0000000080600000, 0x0000000080600000|100%| O|  |TAMS 0x0000000080600000, 0x0000000080600000| Untracked 
|   6|0x0000000080600000, 0x0000000080700000, 0x0000000080700000|100%| O|  |TAMS 0x0000000080700000, 0x0000000080700000| Untracked 
|   7|0x0000000080700000, 0x0000000080800000, 0x0000000080800000|100%| O|  |TAMS 0x0000000080800000, 0x0000000080800000| Untracked 
|   8|0x0000000080800000, 0x0000000080900000, 0x0000000080900000|100%| O|  |TAMS 0x0000000080900000, 0x0000000080900000| Untracked 
|   9|0x0000000080900000, 0x0000000080a00000, 0x0000000080a00000|100%| O|  |TAMS 0x0000000080a00000, 0x0000000080a00000| Untracked 
|  10|0x0000000080a00000, 0x0000000080b00000, 0x0000000080b00000|100%| O|  |TAMS 0x0000000080b00000, 0x0000000080b00000| Untracked 
|  11|0x0000000080b00000, 0x0000000080c00000, 0x0000000080c00000|100%| O|  |TAMS 0x0000000080c00000, 0x0000000080c00000| Untracked 
|  12|0x0000000080c00000, 0x0000000080d00000, 0x0000000080d00000|100%| O|  |TAMS 0x0000000080d00000, 0x0000000080d00000| Untracked 
|  13|0x0000000080d00000, 0x0000000080e00000, 0x0000000080e00000|100%| O|  |TAMS 0x0000000080e00000, 0x0000000080e00000| Untracked 
|  14|0x0000000080e00000, 0x0000000080f00000, 0x0000000080f00000|100%| O|  |TAMS 0x0000000080f00000, 0x0000000080f00000| Untracked 
|  15|0x0000000080f00000, 0x0000000081000000, 0x0000000081000000|100%| O|  |TAMS 0x0000000081000000, 0x0000000081000000| Untracked 
|  16|0x0000000081000000, 0x0000000081100000, 0x0000000081100000|100%| O|  |TAMS 0x0000000081100000, 0x0000000081100000| Untracked 
|  17|0x0000000081100000, 0x0000000081200000, 0x0000000081200000|100%| O|  |TAMS 0x0000000081200000, 0x0000000081200000| Untracked 
|  18|0x0000000081200000, 0x0000000081300000, 0x0000000081300000|100%| O|  |TAMS 0x0000000081300000, 0x0000000081300000| Untracked 
|  19|0x0000000081300000, 0x0000000081400000, 0x0000000081400000|100%| O|  |TAMS 0x0000000081400000, 0x0000000081400000| Untracked 
|  20|0x0000000081400000, 0x0000000081500000, 0x0000000081500000|100%| O|  |TAMS 0x0000000081500000, 0x0000000081500000| Untracked 
|  21|0x0000000081500000, 0x0000000081600000, 0x0000000081600000|100%| O|  |TAMS 0x0000000081600000, 0x0000000081600000| Untracked 
|  22|0x0000000081600000, 0x0000000081700000, 0x0000000081700000|100%| O|  |TAMS 0x0000000081700000, 0x0000000081700000| Untracked 
|  23|0x0000000081700000, 0x0000000081800000, 0x0000000081800000|100%| O|  |TAMS 0x0000000081800000, 0x0000000081800000| Untracked 
|  24|0x0000000081800000, 0x0000000081900000, 0x0000000081900000|100%| O|  |TAMS 0x0000000081900000, 0x0000000081900000| Untracked 
|  25|0x0000000081900000, 0x0000000081a00000, 0x0000000081a00000|100%| O|  |TAMS 0x0000000081a00000, 0x0000000081a00000| Untracked 
|  26|0x0000000081a00000, 0x0000000081b00000, 0x0000000081b00000|100%| O|  |TAMS 0x0000000081b00000, 0x0000000081b00000| Untracked 
|  27|0x0000000081b00000, 0x0000000081c00000, 0x0000000081c00000|100%| O|  |TAMS 0x0000000081c00000, 0x0000000081c00000| Untracked 
|  28|0x0000000081c00000, 0x0000000081d00000, 0x0000000081d00000|100%| O|  |TAMS 0x0000000081d00000, 0x0000000081d00000| Untracked 
|  29|0x0000000081d00000, 0x0000000081e00000, 0x0000000081e00000|100%| O|  |TAMS 0x0000000081e00000, 0x0000000081e00000| Untracked 
|  30|0x0000000081e00000, 0x0000000081f00000, 0x0000000081f00000|100%| O|  |TAMS 0x0000000081f00000, 0x0000000081f00000| Untracked 
|  31|0x0000000081f00000, 0x0000000082000000, 0x0000000082000000|100%| O|  |TAMS 0x0000000082000000, 0x0000000082000000| Untracked 
|  32|0x0000000082000000, 0x0000000082000000, 0x0000000082100000|  0%| F|  |TAMS 0x0000000082000000, 0x0000000082000000| Untracked 
|  33|0x0000000082100000, 0x0000000082200000, 0x0000000082200000|100%| O|  |TAMS 0x0000000082200000, 0x0000000082200000| Untracked 
|  34|0x0000000082200000, 0x0000000082300000, 0x0000000082300000|100%| O|  |TAMS 0x0000000082300000, 0x0000000082300000| Untracked 
|  35|0x0000000082300000, 0x0000000082400000, 0x0000000082400000|100%| O|  |TAMS 0x0000000082400000, 0x0000000082400000| Untracked 
|  36|0x0000000082400000, 0x0000000082500000, 0x0000000082500000|100%| O|  |TAMS 0x0000000082500000, 0x0000000082500000| Untracked 
|  37|0x0000000082500000, 0x0000000082600000, 0x0000000082600000|100%| O|  |TAMS 0x0000000082600000, 0x0000000082600000| Untracked 
|  38|0x0000000082600000, 0x0000000082700000, 0x0000000082700000|100%| O|  |TAMS 0x0000000082700000, 0x0000000082700000| Untracked 
|  39|0x0000000082700000, 0x0000000082800000, 0x0000000082800000|100%| O|  |TAMS 0x0000000082786000, 0x0000000082800000| Untracked 
|  40|0x0000000082800000, 0x0000000082900000, 0x0000000082900000|100%|HS|  |TAMS 0x0000000082900000, 0x0000000082900000| Complete 
|  41|0x0000000082900000, 0x0000000082a00000, 0x0000000082a00000|100%|HS|  |TAMS 0x0000000082a00000, 0x0000000082a00000| Complete 
|  42|0x0000000082a00000, 0x0000000082b00000, 0x0000000082b00000|100%|HS|  |TAMS 0x0000000082b00000, 0x0000000082b00000| Complete 
|  43|0x0000000082b00000, 0x0000000082c00000, 0x0000000082c00000|100%|HC|  |TAMS 0x0000000082c00000, 0x0000000082c00000| Complete 
|  44|0x0000000082c00000, 0x0000000082d00000, 0x0000000082d00000|100%| O|  |TAMS 0x0000000082c00000, 0x0000000082d00000| Untracked 
|  45|0x0000000082d00000, 0x0000000082e00000, 0x0000000082e00000|100%| O|  |TAMS 0x0000000082d00000, 0x0000000082e00000| Untracked 
|  46|0x0000000082e00000, 0x0000000082f00000, 0x0000000082f00000|100%|HS|  |TAMS 0x0000000082e00000, 0x0000000082f00000| Complete 
|  47|0x0000000082f00000, 0x0000000083000000, 0x0000000083000000|100%|HC|  |TAMS 0x0000000082f00000, 0x0000000083000000| Complete 
|  48|0x0000000083000000, 0x0000000083100000, 0x0000000083100000|100%|HS|  |TAMS 0x0000000083000000, 0x0000000083100000| Complete 
|  49|0x0000000083100000, 0x0000000083200000, 0x0000000083200000|100%|HS|  |TAMS 0x0000000083100000, 0x0000000083200000| Complete 
|  50|0x0000000083200000, 0x0000000083300000, 0x0000000083300000|100%|HC|  |TAMS 0x0000000083200000, 0x0000000083300000| Complete 
|  51|0x0000000083300000, 0x0000000083400000, 0x0000000083400000|100%|HC|  |TAMS 0x0000000083300000, 0x0000000083400000| Complete 
|  52|0x0000000083400000, 0x0000000083500000, 0x0000000083500000|100%|HC|  |TAMS 0x0000000083400000, 0x0000000083500000| Complete 
|  53|0x0000000083500000, 0x0000000083600000, 0x0000000083600000|100%|HS|  |TAMS 0x0000000083500000, 0x0000000083600000| Complete 
|  54|0x0000000083600000, 0x0000000083700000, 0x0000000083700000|100%| O|  |TAMS 0x0000000083600000, 0x0000000083700000| Untracked 
|  55|0x0000000083700000, 0x0000000083800000, 0x0000000083800000|100%|HS|  |TAMS 0x0000000083700000, 0x0000000083800000| Complete 
|  56|0x0000000083800000, 0x0000000083900000, 0x0000000083900000|100%| O|  |TAMS 0x0000000083800000, 0x0000000083900000| Untracked 
|  57|0x0000000083900000, 0x0000000083a00000, 0x0000000083a00000|100%| O|  |TAMS 0x0000000083900000, 0x0000000083a00000| Untracked 
|  58|0x0000000083a00000, 0x0000000083b00000, 0x0000000083b00000|100%| O|  |TAMS 0x0000000083a00000, 0x0000000083b00000| Untracked 
|  59|0x0000000083b00000, 0x0000000083c00000, 0x0000000083c00000|100%| O|  |TAMS 0x0000000083b00000, 0x0000000083c00000| Untracked 
|  60|0x0000000083c00000, 0x0000000083d00000, 0x0000000083d00000|100%| O|  |TAMS 0x0000000083c00000, 0x0000000083d00000| Untracked 
|  61|0x0000000083d00000, 0x0000000083d96800, 0x0000000083e00000| 58%| O|  |TAMS 0x0000000083d00000, 0x0000000083d96800| Untracked 
|  62|0x0000000083e00000, 0x0000000083e00000, 0x0000000083f00000|  0%| F|  |TAMS 0x0000000083e00000, 0x0000000083e00000| Untracked 
|  63|0x0000000083f00000, 0x0000000083f00000, 0x0000000084000000|  0%| F|  |TAMS 0x0000000083f00000, 0x0000000083f00000| Untracked 
|  64|0x0000000084000000, 0x0000000084000000, 0x0000000084100000|  0%| F|  |TAMS 0x0000000084000000, 0x0000000084000000| Untracked 
|  65|0x0000000084100000, 0x0000000084100000, 0x0000000084200000|  0%| F|  |TAMS 0x0000000084100000, 0x0000000084100000| Untracked 
|  66|0x0000000084200000, 0x0000000084200000, 0x0000000084300000|  0%| F|  |TAMS 0x0000000084200000, 0x0000000084200000| Untracked 
|  67|0x0000000084300000, 0x0000000084300000, 0x0000000084400000|  0%| F|  |TAMS 0x0000000084300000, 0x0000000084300000| Untracked 
|  68|0x0000000084400000, 0x0000000084400000, 0x0000000084500000|  0%| F|  |TAMS 0x0000000084400000, 0x0000000084400000| Untracked 
|  69|0x0000000084500000, 0x0000000084500000, 0x0000000084600000|  0%| F|  |TAMS 0x0000000084500000, 0x0000000084500000| Untracked 
|  70|0x0000000084600000, 0x0000000084600000, 0x0000000084700000|  0%| F|  |TAMS 0x0000000084600000, 0x0000000084600000| Untracked 
|  71|0x0000000084700000, 0x0000000084700000, 0x0000000084800000|  0%| F|  |TAMS 0x0000000084700000, 0x0000000084700000| Untracked 
|  72|0x0000000084800000, 0x0000000084800000, 0x0000000084900000|  0%| F|  |TAMS 0x0000000084800000, 0x0000000084800000| Untracked 
|  73|0x0000000084900000, 0x0000000084900000, 0x0000000084a00000|  0%| F|  |TAMS 0x0000000084900000, 0x0000000084900000| Untracked 
|  74|0x0000000084a00000, 0x0000000084a00000, 0x0000000084b00000|  0%| F|  |TAMS 0x0000000084a00000, 0x0000000084a00000| Untracked 
|  75|0x0000000084b00000, 0x0000000084b00000, 0x0000000084c00000|  0%| F|  |TAMS 0x0000000084b00000, 0x0000000084b00000| Untracked 
|  76|0x0000000084c00000, 0x0000000084c00000, 0x0000000084d00000|  0%| F|  |TAMS 0x0000000084c00000, 0x0000000084c00000| Untracked 
|  77|0x0000000084d00000, 0x0000000084d00000, 0x0000000084e00000|  0%| F|  |TAMS 0x0000000084d00000, 0x0000000084d00000| Untracked 
|  78|0x0000000084e00000, 0x0000000084e00000, 0x0000000084f00000|  0%| F|  |TAMS 0x0000000084e00000, 0x0000000084e00000| Untracked 
|  79|0x0000000084f00000, 0x0000000084f00000, 0x0000000085000000|  0%| F|  |TAMS 0x0000000084f00000, 0x0000000084f00000| Untracked 
|  80|0x0000000085000000, 0x0000000085000000, 0x0000000085100000|  0%| F|  |TAMS 0x0000000085000000, 0x0000000085000000| Untracked 
|  81|0x0000000085100000, 0x0000000085100000, 0x0000000085200000|  0%| F|  |TAMS 0x0000000085100000, 0x0000000085100000| Untracked 
|  82|0x0000000085200000, 0x0000000085200000, 0x0000000085300000|  0%| F|  |TAMS 0x0000000085200000, 0x0000000085200000| Untracked 
|  83|0x0000000085300000, 0x0000000085300000, 0x0000000085400000|  0%| F|  |TAMS 0x0000000085300000, 0x0000000085300000| Untracked 
|  84|0x0000000085400000, 0x000000008549fb70, 0x0000000085500000| 62%| S|CS|TAMS 0x0000000085400000, 0x0000000085400000| Complete 
|  85|0x0000000085500000, 0x0000000085500000, 0x0000000085600000|  0%| F|  |TAMS 0x0000000085500000, 0x0000000085500000| Untracked 
|  86|0x0000000085600000, 0x0000000085600000, 0x0000000085700000|  0%| F|  |TAMS 0x0000000085600000, 0x0000000085600000| Untracked 
|  87|0x0000000085700000, 0x0000000085700000, 0x0000000085800000|  0%| F|  |TAMS 0x0000000085700000, 0x0000000085700000| Untracked 
|  88|0x0000000085800000, 0x0000000085800000, 0x0000000085900000|  0%| F|  |TAMS 0x0000000085800000, 0x0000000085800000| Untracked 
|  89|0x0000000085900000, 0x0000000085900000, 0x0000000085a00000|  0%| F|  |TAMS 0x0000000085900000, 0x0000000085900000| Untracked 
|  90|0x0000000085a00000, 0x0000000085a00000, 0x0000000085b00000|  0%| F|  |TAMS 0x0000000085a00000, 0x0000000085a00000| Untracked 
|  91|0x0000000085b00000, 0x0000000085b00000, 0x0000000085c00000|  0%| F|  |TAMS 0x0000000085b00000, 0x0000000085b00000| Untracked 
|  92|0x0000000085c00000, 0x0000000085c00000, 0x0000000085d00000|  0%| F|  |TAMS 0x0000000085c00000, 0x0000000085c00000| Untracked 
|  93|0x0000000085d00000, 0x0000000085d00000, 0x0000000085e00000|  0%| F|  |TAMS 0x0000000085d00000, 0x0000000085d00000| Untracked 

Card table byte_map: [0x00000279bae30000,0x00000279bb230000] _byte_map_base: 0x00000279baa30000

Marking Bits (Prev, Next): (CMBitMap*) 0x00000279a7d48020, (CMBitMap*) 0x00000279a7d47fe0
 Prev Bits: [0x00000279bd630000, 0x00000279bf630000)
 Next Bits: [0x00000279bb630000, 0x00000279bd630000)

Polling page: 0x00000279a7480000

Metaspace:

Usage:
  Non-class:     49.23 MB used.
      Class:      7.89 MB used.
       Both:     57.12 MB used.

Virtual space:
  Non-class space:       64.00 MB reserved,      49.50 MB ( 77%) committed,  1 nodes.
      Class space:        1.00 GB reserved,       8.19 MB ( <1%) committed,  1 nodes.
             Both:        1.06 GB reserved,      57.69 MB (  5%) committed. 

Chunk freelists:
   Non-Class:  13.59 MB
       Class:  7.86 MB
        Both:  21.45 MB

MaxMetaspaceSize: unlimited
CompressedClassSpaceSize: 1.00 GB
Initial GC threshold: 21.00 MB
Current GC threshold: 93.75 MB
CDS: off
MetaspaceReclaimPolicy: balanced
 - commit_granule_bytes: 65536.
 - commit_granule_words: 8192.
 - virtual_space_node_default_size: 8388608.
 - enlarge_chunks_in_place: 1.
 - new_chunks_are_fully_committed: 0.
 - uncommit_free_chunks: 1.
 - use_allocation_guard: 0.
 - handle_deallocations: 1.


Internal statistics:

num_allocs_failed_limit: 6.
num_arena_births: 654.
num_arena_deaths: 0.
num_vsnodes_births: 2.
num_vsnodes_deaths: 0.
num_space_committed: 923.
num_space_uncommitted: 0.
num_chunks_returned_to_freelist: 6.
num_chunks_taken_from_freelist: 2648.
num_chunk_merges: 6.
num_chunk_splits: 1726.
num_chunks_enlarged: 1152.
num_inconsistent_stats: 0.

CodeHeap 'non-profiled nmethods': size=119168Kb used=3280Kb max_used=3280Kb free=115887Kb
 bounds [0x00000279b2d40000, 0x00000279b3080000, 0x00000279ba1a0000]
CodeHeap 'profiled nmethods': size=119104Kb used=13049Kb max_used=13049Kb free=106054Kb
 bounds [0x00000279ab1a0000, 0x00000279abe60000, 0x00000279b25f0000]
CodeHeap 'non-nmethods': size=7488Kb used=1626Kb max_used=1668Kb free=5861Kb
 bounds [0x00000279b25f0000, 0x00000279b2860000, 0x00000279b2d40000]
 total_blobs=7420 nmethods=6720 adapters=611
 compilation: enabled
              stopped_count=0, restarted_count=0
 full_count=0

Compilation events (20 events):
Event: 9.905 Thread 0x00000279c2839370 nmethod 6823 0x00000279abe5d510 code [0x00000279abe5d6c0, 0x00000279abe5d8e8]
Event: 9.913 Thread 0x00000279c2839370 6824       1       org.gradle.internal.classloader.JarCompat::getJarFile (5 bytes)
Event: 9.913 Thread 0x00000279c2839370 nmethod 6824 0x00000279b306dc90 code [0x00000279b306de20, 0x00000279b306def8]
Event: 9.940 Thread 0x00000279c28369a0 nmethod 6791 0x00000279b306df90 code [0x00000279b306e200, 0x00000279b3070440]
Event: 9.940 Thread 0x00000279c28369a0 6822       4       java.lang.ThreadLocal$ThreadLocalMap::getEntry (42 bytes)
Event: 9.942 Thread 0x00000279c28369a0 nmethod 6822 0x00000279b3071490 code [0x00000279b3071620, 0x00000279b30717b8]
Event: 9.942 Thread 0x00000279c28369a0 6825       4       java.lang.ThreadLocal::get (38 bytes)
Event: 9.950 Thread 0x00000279c28369a0 nmethod 6825 0x00000279b3071990 code [0x00000279b3071b60, 0x00000279b3072548]
Event: 9.950 Thread 0x00000279c28369a0 6771       4       jdk.internal.loader.BuiltinClassLoader::loadClass (22 bytes)
Event: 9.951 Thread 0x00000279c28369a0 nmethod 6771 0x00000279b3072b90 code [0x00000279b3072d40, 0x00000279b3072e98]
Event: 9.957 Thread 0x00000279c2839370 6826       3       java.util.zip.ZipFile$ZipFileInflaterInputStream::available (44 bytes)
Event: 9.958 Thread 0x00000279c2839370 nmethod 6826 0x00000279abe5da10 code [0x00000279abe5dbe0, 0x00000279abe5df48]
Event: 9.958 Thread 0x00000279c2839370 6827   !   3       java.util.zip.Inflater::getBytesWritten (23 bytes)
Event: 9.958 Thread 0x00000279c2839370 nmethod 6827 0x00000279abe5e090 code [0x00000279abe5e240, 0x00000279abe5e468]
Event: 9.974 Thread 0x00000279c28369a0 6828       4       java.lang.String::indexOf (64 bytes)
Event: 9.974 Thread 0x00000279c28369a0 nmethod 6828 0x00000279b3073010 code [0x00000279b3073180, 0x00000279b30733b8]
Event: 9.989 Thread 0x00000279c28369a0 6829 %     4       java.net.URI$Parser::scan @ 3 (76 bytes)
Event: 9.992 Thread 0x00000279c28369a0 nmethod 6829% 0x00000279b3073490 code [0x00000279b3073620, 0x00000279b3073908]
Event: 10.002 Thread 0x00000279c28369a0 6830       4       java.net.URI$Parser::scan (76 bytes)
Event: 10.004 Thread 0x00000279c28369a0 nmethod 6830 0x00000279b3073c10 code [0x00000279b3073da0, 0x00000279b3074008]

GC Heap History (20 events):
Event: 6.434 GC heap after
{Heap after GC invocations=16 (full 0):
 garbage-first heap   total 79872K, used 31657K [0x0000000080000000, 0x0000000100000000)
  region size 1024K, 5 young (5120K), 5 survivors (5120K)
 Metaspace       used 45674K, committed 46080K, reserved 1114112K
  class space    used 6207K, committed 6400K, reserved 1048576K
}
Event: 7.127 GC heap before
{Heap before GC invocations=16 (full 0):
 garbage-first heap   total 79872K, used 62377K [0x0000000080000000, 0x0000000100000000)
  region size 1024K, 35 young (35840K), 5 survivors (5120K)
 Metaspace       used 49864K, committed 50304K, reserved 1114112K
  class space    used 6846K, committed 7040K, reserved 1048576K
}
Event: 7.133 GC heap after
{Heap after GC invocations=17 (full 0):
 garbage-first heap   total 79872K, used 33225K [0x0000000080000000, 0x0000000100000000)
  region size 1024K, 4 young (4096K), 4 survivors (4096K)
 Metaspace       used 49864K, committed 50304K, reserved 1114112K
  class space    used 6846K, committed 7040K, reserved 1048576K
}
Event: 7.730 GC heap before
{Heap before GC invocations=17 (full 0):
 garbage-first heap   total 79872K, used 64969K [0x0000000080000000, 0x0000000100000000)
  region size 1024K, 34 young (34816K), 4 survivors (4096K)
 Metaspace       used 53836K, committed 54336K, reserved 1114112K
  class space    used 7383K, committed 7616K, reserved 1048576K
}
Event: 7.736 GC heap after
{Heap after GC invocations=18 (full 0):
 garbage-first heap   total 79872K, used 34922K [0x0000000080000000, 0x0000000100000000)
  region size 1024K, 4 young (4096K), 4 survivors (4096K)
 Metaspace       used 53836K, committed 54336K, reserved 1114112K
  class space    used 7383K, committed 7616K, reserved 1048576K
}
Event: 8.585 GC heap before
{Heap before GC invocations=18 (full 0):
 garbage-first heap   total 79872K, used 64618K [0x0000000080000000, 0x0000000100000000)
  region size 1024K, 33 young (33792K), 4 survivors (4096K)
 Metaspace       used 56376K, committed 56960K, reserved 1114112K
  class space    used 7755K, committed 8000K, reserved 1048576K
}
Event: 8.592 GC heap after
{Heap after GC invocations=19 (full 0):
 garbage-first heap   total 79872K, used 38461K [0x0000000080000000, 0x0000000100000000)
  region size 1024K, 5 young (5120K), 5 survivors (5120K)
 Metaspace       used 56376K, committed 56960K, reserved 1114112K
  class space    used 7755K, committed 8000K, reserved 1048576K
}
Event: 8.810 GC heap before
{Heap before GC invocations=19 (full 0):
 garbage-first heap   total 79872K, used 63037K [0x0000000080000000, 0x0000000100000000)
  region size 1024K, 30 young (30720K), 5 survivors (5120K)
 Metaspace       used 56683K, committed 57280K, reserved 1114112K
  class space    used 7824K, committed 8128K, reserved 1048576K
}
Event: 8.819 GC heap after
{Heap after GC invocations=20 (full 0):
 garbage-first heap   total 79872K, used 41703K [0x0000000080000000, 0x0000000100000000)
  region size 1024K, 4 young (4096K), 4 survivors (4096K)
 Metaspace       used 56683K, committed 57280K, reserved 1114112K
  class space    used 7824K, committed 8128K, reserved 1048576K
}
Event: 8.987 GC heap before
{Heap before GC invocations=20 (full 0):
 garbage-first heap   total 79872K, used 52967K [0x0000000080000000, 0x0000000100000000)
  region size 1024K, 17 young (17408K), 4 survivors (4096K)
 Metaspace       used 57012K, committed 57536K, reserved 1114112K
  class space    used 7860K, committed 8128K, reserved 1048576K
}
Event: 8.991 GC heap after
{Heap after GC invocations=21 (full 0):
 garbage-first heap   total 96256K, used 42351K [0x0000000080000000, 0x0000000100000000)
  region size 1024K, 2 young (2048K), 2 survivors (2048K)
 Metaspace       used 57012K, committed 57536K, reserved 1114112K
  class space    used 7860K, committed 8128K, reserved 1048576K
}
Event: 9.087 GC heap before
{Heap before GC invocations=21 (full 0):
 garbage-first heap   total 96256K, used 45423K [0x0000000080000000, 0x0000000100000000)
  region size 1024K, 4 young (4096K), 2 survivors (2048K)
 Metaspace       used 57027K, committed 57600K, reserved 1114112K
  class space    used 7861K, committed 8128K, reserved 1048576K
}
Event: 9.090 GC heap after
{Heap after GC invocations=22 (full 0):
 garbage-first heap   total 96256K, used 45569K [0x0000000080000000, 0x0000000100000000)
  region size 1024K, 3 young (3072K), 3 survivors (3072K)
 Metaspace       used 57027K, committed 57600K, reserved 1114112K
  class space    used 7861K, committed 8128K, reserved 1048576K
}
Event: 9.133 GC heap before
{Heap before GC invocations=22 (full 0):
 garbage-first heap   total 96256K, used 47617K [0x0000000080000000, 0x0000000100000000)
  region size 1024K, 4 young (4096K), 3 survivors (3072K)
 Metaspace       used 57033K, committed 57600K, reserved 1114112K
  class space    used 7863K, committed 8128K, reserved 1048576K
}
Event: 9.138 GC heap after
{Heap after GC invocations=23 (full 0):
 garbage-first heap   total 96256K, used 48089K [0x0000000080000000, 0x0000000100000000)
  region size 1024K, 2 young (2048K), 2 survivors (2048K)
 Metaspace       used 57033K, committed 57600K, reserved 1114112K
  class space    used 7863K, committed 8128K, reserved 1048576K
}
Event: 9.832 GC heap before
{Heap before GC invocations=24 (full 0):
 garbage-first heap   total 96256K, used 75737K [0x0000000080000000, 0x0000000100000000)
  region size 1024K, 20 young (20480K), 2 survivors (2048K)
 Metaspace       used 57885K, committed 58432K, reserved 1114112K
  class space    used 8021K, committed 8320K, reserved 1048576K
}
Event: 9.837 GC heap after
{Heap after GC invocations=25 (full 0):
 garbage-first heap   total 96256K, used 62409K [0x0000000080000000, 0x0000000100000000)
  region size 1024K, 3 young (3072K), 3 survivors (3072K)
 Metaspace       used 57885K, committed 58432K, reserved 1114112K
  class space    used 8021K, committed 8320K, reserved 1048576K
}
Event: 9.860 GC heap before
{Heap before GC invocations=25 (full 0):
 garbage-first heap   total 96256K, used 62409K [0x0000000080000000, 0x0000000100000000)
  region size 1024K, 4 young (4096K), 3 survivors (3072K)
 Metaspace       used 57976K, committed 58560K, reserved 1114112K
  class space    used 8030K, committed 8320K, reserved 1048576K
}
Event: 9.864 GC heap after
{Heap after GC invocations=26 (full 0):
 garbage-first heap   total 96256K, used 62281K [0x0000000080000000, 0x0000000100000000)
  region size 1024K, 1 young (1024K), 1 survivors (1024K)
 Metaspace       used 57976K, committed 58560K, reserved 1114112K
  class space    used 8030K, committed 8320K, reserved 1048576K
}
Event: 10.095 GC heap before
{Heap before GC invocations=26 (full 0):
 garbage-first heap   total 96256K, used 68425K [0x0000000080000000, 0x0000000100000000)
  region size 1024K, 9 young (9216K), 1 survivors (1024K)
 Metaspace       used 58493K, committed 59072K, reserved 1114112K
  class space    used 8079K, committed 8384K, reserved 1048576K
}

Dll operation events (3 events):
Event: 0.034 Loaded shared library C:\Users\imwan\OneDrive\Desktop\Jelly Android\android-studio-2023.3.1.18-windows\android-studio\jbr\bin\java.dll
Event: 0.223 Loaded shared library C:\Users\imwan\OneDrive\Desktop\Jelly Android\android-studio-2023.3.1.18-windows\android-studio\jbr\bin\zip.dll
Event: 0.550 Loaded shared library C:\Users\imwan\OneDrive\Desktop\Jelly Android\android-studio-2023.3.1.18-windows\android-studio\jbr\bin\verify.dll

Deoptimization events (20 events):
Event: 9.811 Thread 0x00000279c88ef580 Uncommon trap: trap_request=0xffffffde fr.pc=0x00000279b2fae960 relative=0x0000000000005e00
Event: 9.811 Thread 0x00000279c88ef580 Uncommon trap: reason=class_check action=maybe_recompile pc=0x00000279b2fae960 method=java.util.jar.JarFile.getManifestFromReference()Ljava/util/jar/Manifest; @ 152 c2
Event: 9.811 Thread 0x00000279c88ef580 DEOPT PACKING pc=0x00000279b2fae960 sp=0x000000b4739f6f70
Event: 9.811 Thread 0x00000279c88ef580 DEOPT UNPACKING pc=0x00000279b26469a3 sp=0x000000b4739f6d68 mode 2
Event: 9.817 Thread 0x00000279c88ef580 Uncommon trap: trap_request=0xffffffde fr.pc=0x00000279b2f8923c relative=0x00000000000008bc
Event: 9.817 Thread 0x00000279c88ef580 Uncommon trap: reason=class_check action=maybe_recompile pc=0x00000279b2f8923c method=java.io.BufferedInputStream.read1([BII)I @ 39 c2
Event: 9.817 Thread 0x00000279c88ef580 DEOPT PACKING pc=0x00000279b2f8923c sp=0x000000b4739f6e30
Event: 9.817 Thread 0x00000279c88ef580 DEOPT UNPACKING pc=0x00000279b26469a3 sp=0x000000b4739f6d48 mode 2
Event: 9.817 Thread 0x00000279c88ef580 Uncommon trap: trap_request=0xffffffde fr.pc=0x00000279b2f8923c relative=0x00000000000008bc
Event: 9.817 Thread 0x00000279c88ef580 Uncommon trap: reason=class_check action=maybe_recompile pc=0x00000279b2f8923c method=java.io.BufferedInputStream.read1([BII)I @ 39 c2
Event: 9.817 Thread 0x00000279c88ef580 DEOPT PACKING pc=0x00000279b2f8923c sp=0x000000b4739f6e30
Event: 9.817 Thread 0x00000279c88ef580 DEOPT UNPACKING pc=0x00000279b26469a3 sp=0x000000b4739f6d48 mode 2
Event: 9.817 Thread 0x00000279c88ef580 Uncommon trap: trap_request=0xffffffde fr.pc=0x00000279b2f8923c relative=0x00000000000008bc
Event: 9.817 Thread 0x00000279c88ef580 Uncommon trap: reason=class_check action=maybe_recompile pc=0x00000279b2f8923c method=java.io.BufferedInputStream.read1([BII)I @ 39 c2
Event: 9.817 Thread 0x00000279c88ef580 DEOPT PACKING pc=0x00000279b2f8923c sp=0x000000b4739f6e30
Event: 9.817 Thread 0x00000279c88ef580 DEOPT UNPACKING pc=0x00000279b26469a3 sp=0x000000b4739f6d48 mode 2
Event: 9.988 Thread 0x00000279c88ef580 Uncommon trap: trap_request=0xffffffde fr.pc=0x00000279b2fae960 relative=0x0000000000005e00
Event: 9.988 Thread 0x00000279c88ef580 Uncommon trap: reason=class_check action=maybe_recompile pc=0x00000279b2fae960 method=java.util.jar.JarFile.getManifestFromReference()Ljava/util/jar/Manifest; @ 152 c2
Event: 9.988 Thread 0x00000279c88ef580 DEOPT PACKING pc=0x00000279b2fae960 sp=0x000000b4739f6840
Event: 9.988 Thread 0x00000279c88ef580 DEOPT UNPACKING pc=0x00000279b26469a3 sp=0x000000b4739f6638 mode 2

Classes unloaded (0 events):
No events

Classes redefined (0 events):
No events

Internal exceptions (20 events):
Event: 7.936 Thread 0x00000279c88ef580 Exception <a 'java/lang/NoSuchMethodError'{0x0000000084479840}: 'java.lang.Object java.lang.invoke.DirectMethodHandle$Holder.invokeSpecial(java.lang.Object, java.lang.Object, java.lang.Object, java.lang.Object, java.lang.Object, long)'> (0x0000000084479840) 
thrown [s\src\hotspot\share\interpreter\linkResolver.cpp, line 771]
Event: 7.938 Thread 0x00000279c88ef580 Exception <a 'java/lang/NoSuchMethodError'{0x000000008449c0d0}: 'void java.lang.invoke.DirectMethodHandle$Holder.invokeStatic(java.lang.Object, java.lang.Object, java.lang.Object, int, java.lang.Object)'> (0x000000008449c0d0) 
thrown [s\src\hotspot\share\interpreter\linkResolver.cpp, line 771]
Event: 8.527 Thread 0x00000279c88ef580 Exception <a 'java/lang/NoSuchMethodError'{0x0000000083599898}: 'java.lang.Object java.lang.invoke.DirectMethodHandle$Holder.newInvokeSpecial(java.lang.Object, java.lang.Object, java.lang.Object, java.lang.Object, int, java.lang.Object)'> (0x0000000083599898) 
thrown [s\src\hotspot\share\interpreter\linkResolver.cpp, line 771]
Event: 8.527 Thread 0x00000279c88ef580 Exception <a 'java/lang/NoSuchMethodError'{0x000000008359ebf0}: 'java.lang.Object java.lang.invoke.Invokers$Holder.linkToTargetMethod(java.lang.Object, java.lang.Object, java.lang.Object, int, java.lang.Object, java.lang.Object)'> (0x000000008359ebf0) 
thrown [s\src\hotspot\share\interpreter\linkResolver.cpp, line 771]
Event: 8.883 Thread 0x00000279c88ef580 Exception <a 'java/lang/NoSuchMethodError'{0x0000000084651c10}: 'long java.lang.invoke.DirectMethodHandle$Holder.invokeVirtual(java.lang.Object, java.lang.Object)'> (0x0000000084651c10) 
thrown [s\src\hotspot\share\interpreter\linkResolver.cpp, line 771]
Event: 8.888 Thread 0x00000279c8910570 Exception <a 'java/lang/NoSuchMethodError'{0x00000000846a7700}: static Lorg/gradle/internal/build/event/types/DefaultOperationFinishedProgressEvent;.<clinit>()V> (0x00000000846a7700) 
thrown [s\src\hotspot\share\prims\jni.cpp, line 1108]
Event: 8.891 Thread 0x00000279c8910570 Exception <a 'java/lang/NoSuchMethodError'{0x00000000846d1fd8}: static Lorg/gradle/internal/build/event/types/DefaultProjectConfigurationSuccessResult;.<clinit>()V> (0x00000000846d1fd8) 
thrown [s\src\hotspot\share\prims\jni.cpp, line 1108]
Event: 8.893 Thread 0x00000279c8910570 Exception <a 'java/lang/NoSuchMethodError'{0x00000000846d69b8}: static Lorg/gradle/internal/build/event/types/AbstractProjectConfigurationResult;.<clinit>()V> (0x00000000846d69b8) 
thrown [s\src\hotspot\share\prims\jni.cpp, line 1108]
Event: 8.893 Thread 0x00000279c8910570 Exception <a 'java/lang/NoSuchMethodError'{0x00000000846d8100}: static Lorg/gradle/internal/build/event/types/AbstractOperationResult;.<clinit>()V> (0x00000000846d8100) 
thrown [s\src\hotspot\share\prims\jni.cpp, line 1108]
Event: 8.893 Thread 0x00000279c8910570 Exception <a 'java/lang/NoSuchMethodError'{0x00000000846d9550}: static Lorg/gradle/internal/build/event/types/AbstractResult;.<clinit>()V> (0x00000000846d9550) 
thrown [s\src\hotspot\share\prims\jni.cpp, line 1108]
Event: 8.896 Thread 0x00000279c8910570 Exception <a 'java/lang/NoSuchMethodError'{0x00000000846f2478}: static Lorg/gradle/internal/build/event/types/DefaultPluginApplicationResult;.<clinit>()V> (0x00000000846f2478) 
thrown [s\src\hotspot\share\prims\jni.cpp, line 1108]
Event: 8.896 Thread 0x00000279c8910570 Exception <a 'java/lang/NoSuchMethodError'{0x00000000846fee68}: static Lorg/gradle/internal/build/event/types/DefaultBinaryPluginIdentifier;.<clinit>()V> (0x00000000846fee68) 
thrown [s\src\hotspot\share\prims\jni.cpp, line 1108]
Event: 8.899 Thread 0x00000279c8910570 Exception <a 'java/lang/NoSuchMethodError'{0x000000008455aa60}: static Lorg/gradle/internal/build/event/types/DefaultScriptPluginIdentifier;.<clinit>()V> (0x000000008455aa60) 
thrown [s\src\hotspot\share\prims\jni.cpp, line 1108]
Event: 8.975 Thread 0x00000279c88ef580 Implicit null exception at 0x00000279b2fdc212 to 0x00000279b2fdc874
Event: 8.975 Thread 0x00000279c88ef580 Implicit null exception at 0x00000279b2fdd414 to 0x00000279b2fdda88
Event: 9.189 Thread 0x00000279c88ef580 Exception <a 'java/lang/NoSuchMethodError'{0x0000000085dcd108}: 'void java.lang.invoke.Invokers$Holder.invoke_MT(java.lang.Object, java.lang.Object, java.lang.Object, java.lang.Object)'> (0x0000000085dcd108) 
thrown [s\src\hotspot\share\interpreter\linkResolver.cpp, line 771]
Event: 9.196 Thread 0x00000279c88ef580 Exception <a 'java/lang/NoSuchMethodError'{0x0000000085b17cf0}: 'java.lang.Object java.lang.invoke.DirectMethodHandle$Holder.invokeSpecial(java.lang.Object, java.lang.Object, java.lang.Object, int, java.lang.Object, java.lang.Object)'> (0x0000000085b17cf0) 
thrown [s\src\hotspot\share\interpreter\linkResolver.cpp, line 771]
Event: 9.587 Thread 0x00000279c88ef580 Exception <a 'java/lang/ClassNotFoundException'{0x00000000852dfc80}: sun/misc/SharedSecrets> (0x00000000852dfc80) 
thrown [s\src\hotspot\share\classfile\systemDictionary.cpp, line 256]
Event: 9.588 Thread 0x00000279c88ef580 Exception <a 'java/lang/ClassNotFoundException'{0x00000000852e1258}: org/gradle/api/internal/plugins/DefaultObjectConfigurationActionBeanInfo> (0x00000000852e1258) 
thrown [s\src\hotspot\share\classfile\systemDictionary.cpp, line 256]
Event: 9.589 Thread 0x00000279c88ef580 Exception <a 'java/lang/ClassNotFoundException'{0x00000000852f7cf0}: org/gradle/api/internal/plugins/DefaultObjectConfigurationActionCustomizer> (0x00000000852f7cf0) 
thrown [s\src\hotspot\share\classfile\systemDictionary.cpp, line 256]

VM Operations (20 events):
Event: 8.465 Executing VM operation: ICBufferFull done
Event: 8.585 Executing VM operation: G1CollectForAllocation
Event: 8.593 Executing VM operation: G1CollectForAllocation done
Event: 8.810 Executing VM operation: G1CollectForAllocation
Event: 8.819 Executing VM operation: G1CollectForAllocation done
Event: 8.986 Executing VM operation: G1TryInitiateConcMark
Event: 8.991 Executing VM operation: G1TryInitiateConcMark done
Event: 9.087 Executing VM operation: G1TryInitiateConcMark
Event: 9.090 Executing VM operation: G1TryInitiateConcMark done
Event: 9.133 Executing VM operation: G1TryInitiateConcMark
Event: 9.138 Executing VM operation: G1TryInitiateConcMark done
Event: 9.159 Executing VM operation: G1PauseRemark
Event: 9.164 Executing VM operation: G1PauseRemark done
Event: 9.172 Executing VM operation: G1PauseCleanup
Event: 9.173 Executing VM operation: G1PauseCleanup done
Event: 9.832 Executing VM operation: G1CollectForAllocation
Event: 9.837 Executing VM operation: G1CollectForAllocation done
Event: 9.860 Executing VM operation: G1CollectForAllocation
Event: 9.864 Executing VM operation: G1CollectForAllocation done
Event: 10.094 Executing VM operation: G1TryInitiateConcMark

Events (20 events):
Event: 8.540 Thread 0x00000279ca673be0 Thread added: 0x00000279ca673be0
Event: 8.541 Thread 0x00000279ca675020 Thread added: 0x00000279ca675020
Event: 8.541 Thread 0x00000279ca6736d0 Thread added: 0x00000279ca6736d0
Event: 8.541 Thread 0x00000279ca6740f0 Thread added: 0x00000279ca6740f0
Event: 8.541 Thread 0x00000279ca674b10 Thread added: 0x00000279ca674b10
Event: 8.542 Thread 0x00000279ca655510 Thread added: 0x00000279ca655510
Event: 8.542 Thread 0x00000279ca657d90 Thread added: 0x00000279ca657d90
Event: 8.542 Thread 0x00000279ca65ab20 Thread added: 0x00000279ca65ab20
Event: 8.543 Thread 0x00000279ca6587b0 Thread added: 0x00000279ca6587b0
Event: 8.543 Thread 0x00000279ca6545e0 Thread added: 0x00000279ca6545e0
Event: 8.885 loading class java/util/stream/SortedOps$RefSortingSink
Event: 8.885 loading class java/util/stream/SortedOps$RefSortingSink done
Event: 8.898 loading class java/time/Ser
Event: 8.898 loading class java/time/Ser done
Event: 8.967 Thread 0x00000279ca657370 Thread added: 0x00000279ca657370
Event: 8.968 Thread 0x00000279ca657880 Thread added: 0x00000279ca657880
Event: 9.587 loading class sun/misc/SharedSecrets
Event: 9.587 loading class sun/misc/SharedSecrets done
Event: 9.591 loading class jdk/internal/reflect/UnsafeObjectFieldAccessorImpl
Event: 9.592 loading class jdk/internal/reflect/UnsafeObjectFieldAccessorImpl done


Dynamic libraries:
0x00007ff633da0000 - 0x00007ff633daa000 	C:\Users\imwan\OneDrive\Desktop\Jelly Android\android-studio-2023.3.1.18-windows\android-studio\jbr\bin\java.exe
0x00007ffd88890000 - 0x00007ffd88aa7000 	C:\WINDOWS\SYSTEM32\ntdll.dll
0x00007ffd87bf0000 - 0x00007ffd87cb4000 	C:\WINDOWS\System32\KERNEL32.DLL
0x00007ffd861a0000 - 0x00007ffd8654c000 	C:\WINDOWS\System32\KERNELBASE.dll
0x00007ffd85ee0000 - 0x00007ffd85ff1000 	C:\WINDOWS\System32\ucrtbase.dll
0x00007ffd48310000 - 0x00007ffd48327000 	C:\Users\imwan\OneDrive\Desktop\Jelly Android\android-studio-2023.3.1.18-windows\android-studio\jbr\bin\jli.dll
0x00007ffd36970000 - 0x00007ffd3698b000 	C:\Users\imwan\OneDrive\Desktop\Jelly Android\android-studio-2023.3.1.18-windows\android-studio\jbr\bin\VCRUNTIME140.dll
0x00007ffd865d0000 - 0x00007ffd8677e000 	C:\WINDOWS\System32\USER32.dll
0x00007ffd86170000 - 0x00007ffd86196000 	C:\WINDOWS\System32\win32u.dll
0x00007ffd87b80000 - 0x00007ffd87ba9000 	C:\WINDOWS\System32\GDI32.dll
0x00007ffd6aae0000 - 0x00007ffd6ad73000 	C:\WINDOWS\WinSxS\amd64_microsoft.windows.common-controls_6595b64144ccf1df_6.0.22621.3672_none_2713b9d173822955\COMCTL32.dll
0x00007ffd85cd0000 - 0x00007ffd85de9000 	C:\WINDOWS\System32\gdi32full.dll
0x00007ffd87ce0000 - 0x00007ffd87d87000 	C:\WINDOWS\System32\msvcrt.dll
0x00007ffd85bc0000 - 0x00007ffd85c5a000 	C:\WINDOWS\System32\msvcp_win.dll
0x00007ffd87bb0000 - 0x00007ffd87be1000 	C:\WINDOWS\System32\IMM32.DLL
0x000000005b990000 - 0x000000005b99c000 	C:\Program Files (x86)\360\Total Security\safemon\SafeWrapper.dll
0x00007ffd86890000 - 0x00007ffd86942000 	C:\WINDOWS\System32\ADVAPI32.dll
0x00007ffd88740000 - 0x00007ffd887e8000 	C:\WINDOWS\System32\sechost.dll
0x00007ffd85df0000 - 0x00007ffd85e18000 	C:\WINDOWS\System32\bcrypt.dll
0x00007ffd88010000 - 0x00007ffd88125000 	C:\WINDOWS\System32\RPCRT4.dll
0x00007ffd36bb0000 - 0x00007ffd36c42000 	C:\Program Files (x86)\360\Total Security\safemon\libzdtp64.dll
0x00007ffd86ad0000 - 0x00007ffd8732c000 	C:\WINDOWS\System32\SHELL32.dll
0x00007ffd87490000 - 0x00007ffd874ee000 	C:\WINDOWS\System32\SHLWAPI.dll
0x00007ffd857c0000 - 0x00007ffd857ca000 	C:\WINDOWS\SYSTEM32\VERSION.dll
0x00007ffd82720000 - 0x00007ffd8272c000 	C:\Users\imwan\OneDrive\Desktop\Jelly Android\android-studio-2023.3.1.18-windows\android-studio\jbr\bin\vcruntime140_1.dll
0x00007ffd06dc0000 - 0x00007ffd06e4d000 	C:\Users\imwan\OneDrive\Desktop\Jelly Android\android-studio-2023.3.1.18-windows\android-studio\jbr\bin\msvcp140.dll
0x00007ffd39a40000 - 0x00007ffd3a6c3000 	C:\Users\imwan\OneDrive\Desktop\Jelly Android\android-studio-2023.3.1.18-windows\android-studio\jbr\bin\server\jvm.dll
0x00007ffd7d670000 - 0x00007ffd7d6a4000 	C:\WINDOWS\SYSTEM32\WINMM.dll
0x00007ffd857d0000 - 0x00007ffd8581d000 	C:\WINDOWS\SYSTEM32\POWRPROF.dll
0x00007ffd69df0000 - 0x00007ffd69df9000 	C:\WINDOWS\SYSTEM32\WSOCK32.dll
0x00007ffd881e0000 - 0x00007ffd88251000 	C:\WINDOWS\System32\WS2_32.dll
0x00007ffd85790000 - 0x00007ffd857a3000 	C:\WINDOWS\SYSTEM32\UMPDC.dll
0x00007ffd84b80000 - 0x00007ffd84b98000 	C:\WINDOWS\SYSTEM32\kernel.appcore.dll
0x00007ffd6a470000 - 0x00007ffd6a47a000 	C:\Users\imwan\OneDrive\Desktop\Jelly Android\android-studio-2023.3.1.18-windows\android-studio\jbr\bin\jimage.dll
0x00007ffd7bc30000 - 0x00007ffd7be62000 	C:\WINDOWS\SYSTEM32\DBGHELP.DLL
0x00007ffd88260000 - 0x00007ffd885e8000 	C:\WINDOWS\System32\combase.dll
0x00007ffd869d0000 - 0x00007ffd86aa7000 	C:\WINDOWS\System32\OLEAUT32.dll
0x00007ffd67390000 - 0x00007ffd673c2000 	C:\WINDOWS\SYSTEM32\dbgcore.DLL
0x00007ffd86550000 - 0x00007ffd865cb000 	C:\WINDOWS\System32\bcryptPrimitives.dll
0x00007ffd544d0000 - 0x00007ffd544de000 	C:\Users\imwan\OneDrive\Desktop\Jelly Android\android-studio-2023.3.1.18-windows\android-studio\jbr\bin\instrument.dll
0x00007ffd50b00000 - 0x00007ffd50b25000 	C:\Users\imwan\OneDrive\Desktop\Jelly Android\android-studio-2023.3.1.18-windows\android-studio\jbr\bin\java.dll
0x00007ffd4c710000 - 0x00007ffd4c728000 	C:\Users\imwan\OneDrive\Desktop\Jelly Android\android-studio-2023.3.1.18-windows\android-studio\jbr\bin\zip.dll
0x00007ffd83a70000 - 0x00007ffd84367000 	C:\WINDOWS\SYSTEM32\windows.storage.dll
0x00007ffd83930000 - 0x00007ffd83a6f000 	C:\WINDOWS\SYSTEM32\wintypes.dll
0x00007ffd86790000 - 0x00007ffd86884000 	C:\WINDOWS\System32\SHCORE.dll
0x00007ffd85af0000 - 0x00007ffd85b11000 	C:\WINDOWS\SYSTEM32\profapi.dll
0x00007ffd4b9c0000 - 0x00007ffd4b9d9000 	C:\Users\imwan\OneDrive\Desktop\Jelly Android\android-studio-2023.3.1.18-windows\android-studio\jbr\bin\net.dll
0x00007ffd7dc60000 - 0x00007ffd7dd96000 	C:\WINDOWS\SYSTEM32\WINHTTP.dll
0x00007ffd84ff0000 - 0x00007ffd85059000 	C:\WINDOWS\system32\mswsock.dll
0x00007ffd4b9a0000 - 0x00007ffd4b9b6000 	C:\Users\imwan\OneDrive\Desktop\Jelly Android\android-studio-2023.3.1.18-windows\android-studio\jbr\bin\nio.dll
0x00007ffd80760000 - 0x00007ffd80770000 	C:\Users\imwan\OneDrive\Desktop\Jelly Android\android-studio-2023.3.1.18-windows\android-studio\jbr\bin\verify.dll
0x00007ffd36790000 - 0x00007ffd367b7000 	C:\Users\imwan\.gradle\native\c067742578af261105cb4f569cf0c3c89f3d7b1fecec35dd04571415982c5e48\windows-amd64\native-platform.dll
0x00007ffd01b20000 - 0x00007ffd01c64000 	C:\Users\imwan\.gradle\native\38dada09dfb8b06ba9b0570ebf7e218e3eb74d4ef43ca46872605cf95ebc2f47\windows-amd64\native-platform-file-events.dll
0x00007ffd5d930000 - 0x00007ffd5d939000 	C:\Users\imwan\OneDrive\Desktop\Jelly Android\android-studio-2023.3.1.18-windows\android-studio\jbr\bin\management.dll
0x00007ffd5d920000 - 0x00007ffd5d92b000 	C:\Users\imwan\OneDrive\Desktop\Jelly Android\android-studio-2023.3.1.18-windows\android-studio\jbr\bin\management_ext.dll
0x00007ffd86780000 - 0x00007ffd86788000 	C:\WINDOWS\System32\PSAPI.DLL
0x00007ffd85250000 - 0x00007ffd8526b000 	C:\WINDOWS\SYSTEM32\CRYPTSP.dll
0x00007ffd84ae0000 - 0x00007ffd84b15000 	C:\WINDOWS\system32\rsaenh.dll
0x00007ffd850f0000 - 0x00007ffd85118000 	C:\WINDOWS\SYSTEM32\USERENV.dll
0x00007ffd85590000 - 0x00007ffd8559c000 	C:\WINDOWS\SYSTEM32\CRYPTBASE.dll
0x00007ffd845d0000 - 0x00007ffd845fd000 	C:\WINDOWS\SYSTEM32\IPHLPAPI.DLL
0x00007ffd881c0000 - 0x00007ffd881c9000 	C:\WINDOWS\System32\NSI.dll
0x00007ffd7d960000 - 0x00007ffd7d979000 	C:\WINDOWS\SYSTEM32\dhcpcsvc6.DLL
0x00007ffd7d8d0000 - 0x00007ffd7d8ef000 	C:\WINDOWS\SYSTEM32\dhcpcsvc.DLL
0x00007ffd84600000 - 0x00007ffd846f8000 	C:\WINDOWS\SYSTEM32\DNSAPI.dll
0x00007ffd6a010000 - 0x00007ffd6a019000 	C:\Users\imwan\OneDrive\Desktop\Jelly Android\android-studio-2023.3.1.18-windows\android-studio\jbr\bin\extnet.dll
0x00007ffd5e6a0000 - 0x00007ffd5e6a8000 	C:\WINDOWS\system32\wshunix.dll

dbghelp: loaded successfully - version: 4.0.5 - missing functions: none
symbol engine: initialized successfully - sym options: 0x614 - pdb path: .;C:\Users\imwan\OneDrive\Desktop\Jelly Android\android-studio-2023.3.1.18-windows\android-studio\jbr\bin;C:\WINDOWS\SYSTEM32;C:\WINDOWS\WinSxS\amd64_microsoft.windows.common-controls_6595b64144ccf1df_6.0.22621.3672_none_2713b9d173822955;C:\Program Files (x86)\360\Total Security\safemon;C:\Users\imwan\OneDrive\Desktop\Jelly Android\android-studio-2023.3.1.18-windows\android-studio\jbr\bin\server;C:\Users\imwan\.gradle\native\c067742578af261105cb4f569cf0c3c89f3d7b1fecec35dd04571415982c5e48\windows-amd64;C:\Users\imwan\.gradle\native\38dada09dfb8b06ba9b0570ebf7e218e3eb74d4ef43ca46872605cf95ebc2f47\windows-amd64

VM Arguments:
jvm_args: --add-opens=java.base/java.util=ALL-UNNAMED --add-opens=java.base/java.lang=ALL-UNNAMED --add-opens=java.base/java.lang.invoke=ALL-UNNAMED --add-opens=java.prefs/java.util.prefs=ALL-UNNAMED --add-opens=java.base/java.nio.charset=ALL-UNNAMED --add-opens=java.base/java.net=ALL-UNNAMED --add-opens=java.base/java.util.concurrent.atomic=ALL-UNNAMED -Xmx2048m -Dfile.encoding=UTF-8 -Duser.country=US -Duser.language=en -Duser.variant -javaagent:C:\Users\imwan\.gradle\wrapper\dists\gradle-8.6-bin\afr5mpiioh2wthjmwnkmdsd5w\gradle-8.6\lib\agents\gradle-instrumentation-agent-8.6.jar 
java_command: org.gradle.launcher.daemon.bootstrap.GradleDaemon 8.6
java_class_path (initial): C:\Users\imwan\.gradle\wrapper\dists\gradle-8.6-bin\afr5mpiioh2wthjmwnkmdsd5w\gradle-8.6\lib\gradle-launcher-8.6.jar
Launcher Type: SUN_STANDARD

[Global flags]
     intx CICompilerCount                          = 12                                        {product} {ergonomic}
     uint ConcGCThreads                            = 3                                         {product} {ergonomic}
     uint G1ConcRefinementThreads                  = 13                                        {product} {ergonomic}
   size_t G1HeapRegionSize                         = 1048576                                   {product} {ergonomic}
    uintx GCDrainStackTargetSize                   = 64                                        {product} {ergonomic}
   size_t InitialHeapSize                          = 56623104                                  {product} {ergonomic}
   size_t MarkStackSize                            = 4194304                                   {product} {ergonomic}
   size_t MaxHeapSize                              = 2147483648                                {product} {command line}
   size_t MaxNewSize                               = 1287651328                                {product} {ergonomic}
   size_t MinHeapDeltaBytes                        = 1048576                                   {product} {ergonomic}
   size_t MinHeapSize                              = 8388608                                   {product} {ergonomic}
    uintx NonNMethodCodeHeapSize                   = 7602480                                {pd product} {ergonomic}
    uintx NonProfiledCodeHeapSize                  = 122027880                              {pd product} {ergonomic}
    uintx ProfiledCodeHeapSize                     = 122027880                              {pd product} {ergonomic}
    uintx ReservedCodeCacheSize                    = 251658240                              {pd product} {ergonomic}
     bool SegmentedCodeCache                       = true                                      {product} {ergonomic}
   size_t SoftMaxHeapSize                          = 2147483648                             {manageable} {ergonomic}
     bool UseCompressedClassPointers               = true                           {product lp64_product} {ergonomic}
     bool UseCompressedOops                        = true                           {product lp64_product} {ergonomic}
     bool UseG1GC                                  = true                                      {product} {ergonomic}
     bool UseLargePagesIndividualAllocation        = false                                  {pd product} {ergonomic}

Logging:
Log output configuration:
 #0: stdout all=warning uptime,level,tags
 #1: stderr all=off uptime,level,tags

Environment Variables:
PATH=C:\Program Files\Common Files\Oracle\Java\javapath;C:\WINDOWS\system32;C:\WINDOWS;C:\WINDOWS\System32\Wbem;C:\WINDOWS\System32\WindowsPowerShell\v1.0\;C:\WINDOWS\System32\OpenSSH\;C:\Program Files\HP\HP One Agent;C:\Program Files\Java\jdk-17\bin;C:\Program Files\dotnet\;C:\Program Files\Git\cmd;C:\Program Files\MySQL\MySQL Shell 8.0\bin\;C:\Users\imwan\AppData\Local\Microsoft\WindowsApps;C:\Users\imwan\AppData\Local\Programs\Microsoft VS Code\bin;C:\Users\imwan\AppData\Local\GitHubDesktop\bin
USERNAME=imwan
OS=Windows_NT
PROCESSOR_IDENTIFIER=AMD64 Family 23 Model 104 Stepping 1, AuthenticAMD
TMP=C:\Users\imwan\AppData\Local\Temp
TEMP=C:\Users\imwan\AppData\Local\Temp



Periodic native trim disabled

JNI global refs:
JNI global refs: 34, weak refs: 0

JNI global refs memory usage: 843, weak refs: 841

OOME stack traces (most recent first):
Classloader memory used:
Loader org.gradle.internal.classloader.VisitableURLClassLoader                         : 3492K
Loader bootstrap                                                                       : 2451K
Loader org.gradle.initialization.MixInLegacyTypesClassLoader                           : 1114K
Loader org.gradle.internal.classloader.VisitableURLClassLoader$InstrumentingVisitableURLClassLoader: 131K
Loader jdk.internal.loader.ClassLoaders$PlatformClassLoader                            : 65807B
Loader jdk.internal.loader.ClassLoaders$AppClassLoader                                 : 28737B
Loader jdk.internal.reflect.DelegatingClassLoader                                      : 21350B
Loader org.gradle.internal.classloader.VisitableURLClassLoader                         : 9528B

Classes loaded by more than one classloader:
Class Program                                                                         : loaded 4 times (x 72B)
Class com.google.common.collect.SingletonImmutableList                                : loaded 2 times (x 167B)
Class org.gradle.internal.classpath.ClassPath                                         : loaded 2 times (x 68B)
Class org.gradle.api.internal.classpath.DefaultModuleRegistry                         : loaded 2 times (x 84B)
Class Settings_gradle$1$1                                                             : loaded 2 times (x 72B)
Class com.google.common.base.CharMatcher$JavaDigit                                    : loaded 2 times (x 109B)
Class com.google.common.base.CharMatcher$Digit                                        : loaded 2 times (x 110B)
Class org.gradle.api.Action                                                           : loaded 2 times (x 68B)
Class com.google.common.collect.Lists$StringAsImmutableList                           : loaded 2 times (x 167B)
Class com.google.common.base.CharMatcher                                              : loaded 2 times (x 109B)
Class com.google.common.base.CharMatcher$IsNot                                        : loaded 2 times (x 109B)
Class com.google.common.base.Splitter                                                 : loaded 2 times (x 70B)
Class org.gradle.api.internal.DefaultClassPathProvider                                : loaded 2 times (x 74B)
Class org.gradle.internal.installation.GradleInstallation$1                           : loaded 2 times (x 73B)
Class com.google.common.base.CharMatcher$BitSetMatcher                                : loaded 2 times (x 110B)
Class com.google.common.base.Predicate                                                : loaded 2 times (x 68B)
Class org.gradle.internal.classloader.FilteringClassLoader                            : loaded 2 times (x 103B)
Class org.gradle.internal.classpath.DefaultClassPath$ImmutableUniqueList$Builder      : loaded 2 times (x 73B)
Class com.google.common.base.CharMatcher$InRange                                      : loaded 2 times (x 109B)
Class com.google.common.collect.Lists                                                 : loaded 2 times (x 69B)
Class org.gradle.internal.classloader.ClassLoaderVisitor                              : loaded 2 times (x 74B)
Class org.gradle.internal.service.DefaultServiceLocator                               : loaded 2 times (x 81B)
Class org.gradle.internal.service.UnknownServiceException                             : loaded 2 times (x 81B)
Class org.gradle.internal.classloader.DefaultClassLoaderFactory                       : loaded 2 times (x 80B)
Class com.google.common.collect.UnmodifiableIterator                                  : loaded 2 times (x 78B)
Class com.google.common.base.CharMatcher$SingleWidth                                  : loaded 2 times (x 110B)
Class com.google.common.base.JdkPattern                                               : loaded 2 times (x 73B)
Class org.gradle.internal.classloader.VisitableURLClassLoader$Spec                    : loaded 2 times (x 72B)
Class org.gradle.api.GradleException                                                  : loaded 2 times (x 80B)
Class com.google.common.base.CharMatcher$JavaLetterOrDigit                            : loaded 2 times (x 109B)
Class org.gradle.api.internal.classpath.ModuleRegistry                                : loaded 2 times (x 68B)
Class com.google.common.collect.ImmutableCollection                                   : loaded 2 times (x 123B)
Class org.gradle.api.internal.ClassPathProvider                                       : loaded 2 times (x 68B)
Class org.gradle.internal.classloader.ClasspathUtil$1                                 : loaded 2 times (x 74B)
Class com.google.common.collect.ImmutableList$ReverseImmutableList                    : loaded 2 times (x 168B)
Class org.gradle.internal.classloader.ClassLoaderFactory                              : loaded 2 times (x 68B)
Class com.google.common.collect.ObjectArrays                                          : loaded 2 times (x 69B)
Class com.google.common.collect.ImmutableList                                         : loaded 2 times (x 166B)
Class org.gradle.api.internal.classpath.ManifestUtil                                  : loaded 2 times (x 69B)
Class org.gradle.api.specs.Spec                                                       : loaded 2 times (x 68B)
Class com.google.common.base.CharMatcher$Whitespace                                   : loaded 2 times (x 110B)
Class com.google.common.base.Preconditions                                            : loaded 2 times (x 69B)
Class org.gradle.internal.IoActions                                                   : loaded 2 times (x 69B)
Class com.google.common.collect.CollectPreconditions                                  : loaded 2 times (x 69B)
Class com.google.common.collect.AbstractIndexedListIterator                           : loaded 2 times (x 94B)
Class com.google.common.base.CharMatcher$None                                         : loaded 2 times (x 110B)
Class org.gradle.api.internal.classpath.EffectiveClassPath                            : loaded 2 times (x 88B)
Class com.google.common.collect.UnmodifiableListIterator                              : loaded 2 times (x 93B)
Class com.google.common.collect.ImmutableList$1                                       : loaded 2 times (x 95B)
Class com.google.common.base.Splitter$Strategy                                        : loaded 2 times (x 68B)
Class org.gradle.internal.installation.CurrentGradleInstallation                      : loaded 2 times (x 71B)
Class org.gradle.internal.agents.InstrumentingClassLoader                             : loaded 2 times (x 68B)
Class org.gradle.internal.installation.CurrentGradleInstallationLocator               : loaded 2 times (x 69B)
Class org.gradle.api.internal.classpath.Module                                        : loaded 2 times (x 68B)
Class com.google.common.base.Splitter$1$1                                             : loaded 2 times (x 84B)
Class org.gradle.internal.service.CachingServiceLocator                               : loaded 2 times (x 80B)
Class org.gradle.internal.classpath.DefaultClassPath                                  : loaded 2 times (x 88B)
Class com.google.common.base.Splitter$SplittingIterator                               : loaded 2 times (x 82B)
Class Build_gradle$1                                                                  : loaded 2 times (x 76B)
Class com.google.common.base.CharMatcher$Is                                           : loaded 2 times (x 109B)
Class com.google.common.collect.RegularImmutableAsList                                : loaded 2 times (x 176B)
Class org.gradle.internal.classloader.SystemClassLoaderSpec                           : loaded 2 times (x 69B)
Class [Lcom.google.common.base.AbstractIterator$State;                                : loaded 2 times (x 67B)
Class com.google.common.base.AbstractIterator                                         : loaded 2 times (x 78B)
Class com.google.common.base.AbstractIterator$1                                       : loaded 2 times (x 69B)
Class com.google.common.base.CharMatcher$1                                            : loaded 2 times (x 111B)
Class com.google.common.base.CharMatcher$Ascii                                        : loaded 2 times (x 110B)
Class org.gradle.api.UncheckedIOException                                             : loaded 2 times (x 80B)
Class com.google.common.base.CharMatcher$And                                          : loaded 2 times (x 110B)
Class com.google.common.base.CharMatcher$Any                                          : loaded 2 times (x 110B)
Class org.gradle.internal.installation.GradleInstallation                             : loaded 2 times (x 73B)
Class com.google.common.base.CharMatcher$RangesMatcher                                : loaded 2 times (x 110B)
Class com.google.common.collect.ImmutableList$SubList                                 : loaded 2 times (x 168B)
Class org.gradle.internal.classloader.ClasspathUtil                                   : loaded 2 times (x 69B)
Class com.google.common.base.Splitter$1                                               : loaded 2 times (x 75B)
Class org.gradle.api.internal.DefaultClassPathRegistry                                : loaded 2 times (x 74B)
Class org.gradle.api.internal.classpath.DefaultModuleRegistry$DefaultModule           : loaded 2 times (x 84B)
Class com.google.common.base.CharMatcher$JavaIsoControl                               : loaded 2 times (x 110B)
Class com.google.common.base.CharMatcher$Or                                           : loaded 2 times (x 110B)
Class org.gradle.kotlin.dsl.VersionCatalogAccessorsKt                                 : loaded 2 times (x 69B)
Class com.google.common.base.CharMatcher$JavaLowerCase                                : loaded 2 times (x 109B)
Class org.gradle.api.internal.classpath.UnknownModuleException                        : loaded 2 times (x 80B)
Class com.google.common.base.CommonPattern                                            : loaded 2 times (x 72B)
Class org.gradle.internal.service.ServiceLookupException                              : loaded 2 times (x 80B)
Class org.gradle.cache.GlobalCache                                                    : loaded 2 times (x 68B)
Class com.google.common.base.CharMatcher$NegatedFastMatcher                           : loaded 2 times (x 111B)
Class [Lorg.gradle.api.internal.ClassPathProvider;                                    : loaded 2 times (x 67B)
Class org.gradle.util.internal.GUtil                                                  : loaded 2 times (x 69B)
Class org.gradle.internal.classloader.ClassLoaderSpec                                 : loaded 2 times (x 69B)
Class com.google.common.base.NullnessCasts                                            : loaded 2 times (x 69B)
Class com.google.common.base.CharMatcher$Negated                                      : loaded 2 times (x 111B)
Class com.google.common.base.CharMatcher$ForPredicate                                 : loaded 2 times (x 110B)
Class org.gradle.internal.classloader.VisitableURLClassLoader                         : loaded 2 times (x 115B)
Class org.gradle.internal.Cast                                                        : loaded 2 times (x 69B)
Class Build_gradle                                                                    : loaded 2 times (x 70B)
Class org.gradle.api.internal.ClassPathRegistry                                       : loaded 2 times (x 68B)
Class org.gradle.internal.classloader.VisitableURLClassLoader$InstrumentingVisitableURLClassLoader: loaded 2 times (x 121B)
Class org.gradle.internal.classloader.ClassLoaderHierarchy                            : loaded 2 times (x 68B)
Class com.google.common.base.AbstractIterator$State                                   : loaded 2 times (x 77B)
Class com.google.common.base.CharMatcher$NamedFastMatcher                             : loaded 2 times (x 110B)
Class org.gradle.internal.InternalTransformer                                         : loaded 2 times (x 68B)
Class org.gradle.internal.service.ServiceLocator                                      : loaded 2 times (x 68B)
Class Settings_gradle$1                                                               : loaded 2 times (x 72B)
Class com.google.common.base.CharMatcher$Invisible                                    : loaded 2 times (x 110B)
Class com.google.common.base.CharMatcher$FastMatcher                                  : loaded 2 times (x 109B)
Class org.gradle.internal.classpath.DefaultClassPath$ImmutableUniqueList              : loaded 2 times (x 159B)
Class com.google.common.base.CharMatcher$JavaLetter                                   : loaded 2 times (x 109B)
Class org.gradle.internal.classpath.TransformedClassPath                              : loaded 2 times (x 94B)
Class Settings_gradle                                                                 : loaded 2 times (x 126B)
Class com.google.common.collect.ImmutableAsList                                       : loaded 2 times (x 169B)
Class com.google.common.base.CharMatcher$AnyOf                                        : loaded 2 times (x 110B)
Class com.google.common.base.CharMatcher$IsEither                                     : loaded 2 times (x 109B)
Class com.google.common.collect.RegularImmutableList                                  : loaded 2 times (x 172B)
Class com.google.common.base.CharMatcher$JavaUpperCase                                : loaded 2 times (x 109B)


---------------  S Y S T E M  ---------------

OS:
 Windows 11 , 64 bit Build 22621 (10.0.22621.3672)
OS uptime: 2 days 4:20 hours
Hyper-V role detected

CPU: total 16 (initial active 16) (16 cores per cpu, 2 threads per core) family 23 model 104 stepping 1 microcode 0x0, cx8, cmov, fxsr, ht, mmx, 3dnowpref, sse, sse2, sse3, ssse3, sse4a, sse4.1, sse4.2, popcnt, lzcnt, tsc, tscinvbit, avx, avx2, aes, clmul, bmi1, bmi2, adx, sha, fma, vzeroupper, clflush, clflushopt, hv
Processor Information for all 16 processors :
  Max Mhz: 1801, Current Mhz: 1801, Mhz Limit: 1801

Memory: 4k page, system-wide physical 3405M (155M free)
TotalPageFile size 13645M (AvailPageFile size 45M)
current process WorkingSet (physical memory assigned to process): 212M, peak: 241M
current process commit charge ("private bytes"): 318M, peak: 369M

vm_info: OpenJDK 64-Bit Server VM (17.0.10+0--11572160) for windows-amd64 JRE (17.0.10+0--11572160), built on Mar 13 2024 23:56:38 by "androidbuild" with MS VC++ 16.10 / 16.11 (VS2019)

END.
